<?xml version="1.0" encoding="UTF-8"?>
<testsuite name="org.grails.cli.GrailsCliSpec" tests="11" skipped="0" failures="9" errors="0" timestamp="2014-11-28T09:09:50" hostname="testing-worker-linux-11-2-31484-linux-11-42372784" time="208.876">
  <properties/>
  <testcase name="should create new application" classname="org.grails.cli.GrailsCliSpec" time="5.675"/>
  <testcase name="should fail with retval 1 when creating app for non-existing profile" classname="org.grails.cli.GrailsCliSpec" time="0.568"/>
  <testcase name="should start and exit interactive mode" classname="org.grails.cli.GrailsCliSpec" time="54.571">
    <failure message="java.lang.IllegalStateException" type="java.lang.IllegalStateException">java.lang.IllegalStateException
	at net.sf.expectit.matcher.SimpleResult.checkSucceeded(SimpleResult.java:99)
	at net.sf.expectit.matcher.SimpleResult.getBefore(SimpleResult.java:48)
	at org.grails.cli.GrailsCliSpec.expectPrompt(GrailsCliSpec.groovy:110)
	at org.grails.cli.GrailsCliSpec.should start and exit interactive mode_closure5(GrailsCliSpec.groovy:204)
	at org.grails.cli.GrailsCliSpec.executeInInteractiveMode(GrailsCliSpec.groovy:163)
	at org.grails.cli.GrailsCliSpec.should start and exit interactive mode(GrailsCliSpec.groovy:203)
</failure>
  </testcase>
  <testcase name="should provide help for all commands in interactive mode" classname="org.grails.cli.GrailsCliSpec" time="4.195">
    <failure message="Condition not satisfied:&#10;&#10;helpContent == ''' clean\tCleans a Grails application's compiled sources compile\tCompiles a Grails application console\tLoads Grails within the Groovy Swing create-controller\tCreates a controller create-domain-class\tCreates a domain class create-integration-test\tCreates an integration test create-script\tCreates a new command line script that can be used for code generation create-service\tCreates a service create-taglib\tCreates a tag library create-unit-test\tCreates a unit test dependency-report\tPrints out the Grails application's dependencies generate-all\tGenerates a controller that performs CRUD operations and the associated views generate-controller\tGenerates a controller that performs CRUD operations gradle\tAllows running of Gradle tasks install-form-fields-templates\tInstalls scaffolding templates that use f:all to render properties package\tPackages a Grails application run-app\tRuns the application test-groovy\tTests out a Groovy script war\tCreates a WAR file for deployment to a container (like Tomcat) detailed usage with help [command] '''&#10;|           |&#10;|           false&#10;|           299 differences (77% similarity)&#10;|           \nclean\tCleans a Grails application's compiled sources\ncompile\tCompiles a Grails application\nconsole\tLoads Grails within the Groovy Swing\ncreate-controller\tCreates a controller\ncreate-domain-class\tCreates a domain class\ncreate-integration-test\tCreates an integration test\ncreate-script\tCreates a new command line script that can be used for code generation\ncreate-service\tCreates a service\ncreate-taglib\tCreates a tag library\ncreate-unit-test\tCreates a unit test\ndependency-report\tPrints out the Grails application's dependencies\ngenerate-all\tGenerates a controller that performs CRUD operations and the associated views\ngenerate-(all\tGenerates a )controller( that performs CRUD operations and the associated views\ngenerate-controller)\tGenerates a controller that performs CRUD operations\ng(ene)ra(te-controller\tGenerates a controller that performs CRUD operations\ngra)dle\tAllows running of Gradle tasks\n(gradle\tAllows runn)in(g of Gradle ta)s(ks\nins)tall-form-fields-templates\tInstalls scaffolding templates that use f:all to render properties\n(install-form-fields-tem)p(l)a(tes\tInstalls s)c(affolding templates that use f:all to render properties\npac)kage\tPackages a Grails application\nrun-app\tRuns the application\ntest-groovy\tTests out a Groovy script\nwar\tCreates a WAR file for deployment to a container (like Tomcat)\ndetailed usage with help [command]\n&#10;|           \nclean\tCleans a Grails application's compiled sources\ncompile\tCompiles a Grails application\nconsole\tLoads Grails within the Groovy Swing\ncreate-controller\tCreates a controller\ncreate-domain-class\tCreates a domain class\ncreate-integration-test\tCreates an integration test\ncreate-script\tCreates a new command line script that can be used for code generation\ncreate-service\tCreates a service\ncreate-taglib\tCreates a tag library\ncreate-unit-test\tCreates a unit test\ndependency-report\tPrints out the Grails application's dependencies\ngenerate-all\tGenerates a controller that performs CRUD operations and the associated views\ngenerate-(----~------------)controller(--------------------------------------------------------~-------------------)\tGenerates a controller that performs CRUD operations\ng(---)ra(--------------~-----------------------------------------------------~---)dle\tAllows running of Gradle tasks\n(-------~-----------)in(--------------)s(---~---)tall-form-fields-templates\tInstalls scaffolding templates that use f:all to render properties\n(-----------------------)p(-)a(----~----------)c(--------------------------------------------------------~---)kage\tPackages a Grails application\nrun-app\tRuns the application\ntest-groovy\tTests out a Groovy script\nwar\tCreates a WAR file for deployment to a container (like Tomcat)\ndetailed usage with help [command]\n&#10; &#10;clean&#9;Cleans a Grails application's compiled sources&#10;compile&#9;Compiles a Grails application&#10;console&#9;Loads Grails within the Groovy Swing&#10;create-controller&#9;Creates a controller&#10;create-domain-class&#9;Creates a domain class&#10;create-integration-test&#9;Creates an integration test&#10;create-script&#9;Creates a new command line script that can be used for code generation&#10;create-service&#9;Creates a service&#10;create-taglib&#9;Creates a tag library&#10;create-unit-test&#9;Creates a unit test&#10;dependency-report&#9;Prints out the Grails application's dependencies&#10;generate-all&#9;Generates a controller that performs CRUD operations and the associated views&#10;generate-all&#9;Generates a controller that performs CRUD operations and the associated views&#10;generate-controller&#9;Generates a controller that performs CRUD operations&#10;generate-controller&#9;Generates a controller that performs CRUD operations&#10;gradle&#9;Allows running of Gradle tasks&#10;gradle&#9;Allows running of Gradle tasks&#10;install-form-fields-templates&#9;Installs scaffolding templates that use f:all to render properties&#10;install-form-fields-templates&#9;Installs scaffolding templates that use f:all to render properties&#10;package&#9;Packages a Grails application&#10;run-app&#9;Runs the application&#10;test-groovy&#9;Tests out a Groovy script&#10;war&#9;Creates a WAR file for deployment to a container (like Tomcat)&#10;detailed usage with help [command]&#10;" type="org.spockframework.runtime.SpockComparisonFailure">Condition not satisfied:

helpContent == ''' clean\tCleans a Grails application's compiled sources compile\tCompiles a Grails application console\tLoads Grails within the Groovy Swing create-controller\tCreates a controller create-domain-class\tCreates a domain class create-integration-test\tCreates an integration test create-script\tCreates a new command line script that can be used for code generation create-service\tCreates a service create-taglib\tCreates a tag library create-unit-test\tCreates a unit test dependency-report\tPrints out the Grails application's dependencies generate-all\tGenerates a controller that performs CRUD operations and the associated views generate-controller\tGenerates a controller that performs CRUD operations gradle\tAllows running of Gradle tasks install-form-fields-templates\tInstalls scaffolding templates that use f:all to render properties package\tPackages a Grails application run-app\tRuns the application test-groovy\tTests out a Groovy script war\tCreates a WAR file for deployment to a container (like Tomcat) detailed usage with help [command] '''
|           |
|           false
|           299 differences (77% similarity)
|           \nclean\tCleans a Grails application's compiled sources\ncompile\tCompiles a Grails application\nconsole\tLoads Grails within the Groovy Swing\ncreate-controller\tCreates a controller\ncreate-domain-class\tCreates a domain class\ncreate-integration-test\tCreates an integration test\ncreate-script\tCreates a new command line script that can be used for code generation\ncreate-service\tCreates a service\ncreate-taglib\tCreates a tag library\ncreate-unit-test\tCreates a unit test\ndependency-report\tPrints out the Grails application's dependencies\ngenerate-all\tGenerates a controller that performs CRUD operations and the associated views\ngenerate-(all\tGenerates a )controller( that performs CRUD operations and the associated views\ngenerate-controller)\tGenerates a controller that performs CRUD operations\ng(ene)ra(te-controller\tGenerates a controller that performs CRUD operations\ngra)dle\tAllows running of Gradle tasks\n(gradle\tAllows runn)in(g of Gradle ta)s(ks\nins)tall-form-fields-templates\tInstalls scaffolding templates that use f:all to render properties\n(install-form-fields-tem)p(l)a(tes\tInstalls s)c(affolding templates that use f:all to render properties\npac)kage\tPackages a Grails application\nrun-app\tRuns the application\ntest-groovy\tTests out a Groovy script\nwar\tCreates a WAR file for deployment to a container (like Tomcat)\ndetailed usage with help [command]\n
|           \nclean\tCleans a Grails application's compiled sources\ncompile\tCompiles a Grails application\nconsole\tLoads Grails within the Groovy Swing\ncreate-controller\tCreates a controller\ncreate-domain-class\tCreates a domain class\ncreate-integration-test\tCreates an integration test\ncreate-script\tCreates a new command line script that can be used for code generation\ncreate-service\tCreates a service\ncreate-taglib\tCreates a tag library\ncreate-unit-test\tCreates a unit test\ndependency-report\tPrints out the Grails application's dependencies\ngenerate-all\tGenerates a controller that performs CRUD operations and the associated views\ngenerate-(----~------------)controller(--------------------------------------------------------~-------------------)\tGenerates a controller that performs CRUD operations\ng(---)ra(--------------~-----------------------------------------------------~---)dle\tAllows running of Gradle tasks\n(-------~-----------)in(--------------)s(---~---)tall-form-fields-templates\tInstalls scaffolding templates that use f:all to render properties\n(-----------------------)p(-)a(----~----------)c(--------------------------------------------------------~---)kage\tPackages a Grails application\nrun-app\tRuns the application\ntest-groovy\tTests out a Groovy script\nwar\tCreates a WAR file for deployment to a container (like Tomcat)\ndetailed usage with help [command]\n
 
clean	Cleans a Grails application's compiled sources
compile	Compiles a Grails application
console	Loads Grails within the Groovy Swing
create-controller	Creates a controller
create-domain-class	Creates a domain class
create-integration-test	Creates an integration test
create-script	Creates a new command line script that can be used for code generation
create-service	Creates a service
create-taglib	Creates a tag library
create-unit-test	Creates a unit test
dependency-report	Prints out the Grails application's dependencies
generate-all	Generates a controller that performs CRUD operations and the associated views
generate-all	Generates a controller that performs CRUD operations and the associated views
generate-controller	Generates a controller that performs CRUD operations
generate-controller	Generates a controller that performs CRUD operations
gradle	Allows running of Gradle tasks
gradle	Allows running of Gradle tasks
install-form-fields-templates	Installs scaffolding templates that use f:all to render properties
install-form-fields-templates	Installs scaffolding templates that use f:all to render properties
package	Packages a Grails application
run-app	Runs the application
test-groovy	Tests out a Groovy script
war	Creates a WAR file for deployment to a container (like Tomcat)
detailed usage with help [command]

	at org.grails.cli.GrailsCliSpec.should provide help for all commands in interactive mode(GrailsCliSpec.groovy:220)
</failure>
  </testcase>
  <testcase name="should provide detailed help commands in interactive mode" classname="org.grails.cli.GrailsCliSpec" time="20.823">
    <failure message="java.lang.IllegalStateException" type="java.lang.IllegalStateException">java.lang.IllegalStateException
	at net.sf.expectit.matcher.SimpleResult.checkSucceeded(SimpleResult.java:99)
	at net.sf.expectit.matcher.SimpleResult.getBefore(SimpleResult.java:48)
	at org.grails.cli.GrailsCliSpec.expectPrompt(GrailsCliSpec.groovy:110)
	at org.grails.cli.GrailsCliSpec.should provide detailed help commands in interactive mode_closure7(GrailsCliSpec.groovy:248)
	at org.grails.cli.GrailsCliSpec.executeInInteractiveMode(GrailsCliSpec.groovy:163)
	at org.grails.cli.GrailsCliSpec.should provide detailed help commands in interactive mode(GrailsCliSpec.groovy:247)
</failure>
  </testcase>
  <testcase name="should show error message when create-controller is executed without proper arguments" classname="org.grails.cli.GrailsCliSpec" time="20.546">
    <failure message="java.lang.IllegalStateException" type="java.lang.IllegalStateException">java.lang.IllegalStateException
	at net.sf.expectit.matcher.SimpleResult.checkSucceeded(SimpleResult.java:99)
	at net.sf.expectit.matcher.SimpleResult.getBefore(SimpleResult.java:48)
	at org.grails.cli.GrailsCliSpec.expectPrompt(GrailsCliSpec.groovy:110)
	at org.grails.cli.GrailsCliSpec.should show error message when create-controller is executed without proper arguments_closure8(GrailsCliSpec.groovy:264)
	at org.grails.cli.GrailsCliSpec.executeInInteractiveMode(GrailsCliSpec.groovy:163)
	at org.grails.cli.GrailsCliSpec.should show error message when create-controller is executed without proper arguments(GrailsCliSpec.groovy:263)
</failure>
  </testcase>
  <testcase name="should create-controller in default package" classname="org.grails.cli.GrailsCliSpec" time="20.562">
    <failure message="java.lang.IllegalStateException" type="java.lang.IllegalStateException">java.lang.IllegalStateException
	at net.sf.expectit.matcher.SimpleResult.checkSucceeded(SimpleResult.java:99)
	at net.sf.expectit.matcher.SimpleResult.getBefore(SimpleResult.java:48)
	at org.grails.cli.GrailsCliSpec.expectPrompt(GrailsCliSpec.groovy:110)
	at org.grails.cli.GrailsCliSpec.should create-controller in default package_closure9(GrailsCliSpec.groovy:281)
	at org.grails.cli.GrailsCliSpec.executeInInteractiveMode(GrailsCliSpec.groovy:163)
	at org.grails.cli.GrailsCliSpec.should create-controller in default package(GrailsCliSpec.groovy:280)
</failure>
  </testcase>
  <testcase name="should complete available commands up to longest match" classname="org.grails.cli.GrailsCliSpec" time="20.518">
    <failure message="java.lang.IllegalStateException" type="java.lang.IllegalStateException">java.lang.IllegalStateException
	at net.sf.expectit.matcher.SimpleResult.checkSucceeded(SimpleResult.java:99)
	at net.sf.expectit.matcher.SimpleResult.getBefore(SimpleResult.java:48)
	at org.grails.cli.GrailsCliSpec.expectPrompt(GrailsCliSpec.groovy:110)
	at org.grails.cli.GrailsCliSpec.should complete available commands up to longest match_closure10(GrailsCliSpec.groovy:304)
	at org.grails.cli.GrailsCliSpec.executeInInteractiveMode(GrailsCliSpec.groovy:163)
	at org.grails.cli.GrailsCliSpec.should complete available commands up to longest match(GrailsCliSpec.groovy:303)
</failure>
  </testcase>
  <testcase name="should complete commands fully if only match" classname="org.grails.cli.GrailsCliSpec" time="20.505">
    <failure message="java.lang.IllegalStateException" type="java.lang.IllegalStateException">java.lang.IllegalStateException
	at net.sf.expectit.matcher.SimpleResult.checkSucceeded(SimpleResult.java:99)
	at net.sf.expectit.matcher.SimpleResult.getBefore(SimpleResult.java:48)
	at org.grails.cli.GrailsCliSpec.expectPrompt(GrailsCliSpec.groovy:110)
	at org.grails.cli.GrailsCliSpec.should complete commands fully if only match_closure11(GrailsCliSpec.groovy:327)
	at org.grails.cli.GrailsCliSpec.executeInInteractiveMode(GrailsCliSpec.groovy:163)
	at org.grails.cli.GrailsCliSpec.should complete commands fully if only match(GrailsCliSpec.groovy:326)
</failure>
  </testcase>
  <testcase name="should exit when CTRL-D is pressed" classname="org.grails.cli.GrailsCliSpec" time="20.44">
    <failure message="java.lang.IllegalStateException" type="java.lang.IllegalStateException">java.lang.IllegalStateException
	at net.sf.expectit.matcher.SimpleResult.checkSucceeded(SimpleResult.java:99)
	at net.sf.expectit.matcher.SimpleResult.getBefore(SimpleResult.java:48)
	at org.grails.cli.GrailsCliSpec.expectPrompt(GrailsCliSpec.groovy:110)
	at org.grails.cli.GrailsCliSpec.should exit when CTRL-D is pressed_closure12(GrailsCliSpec.groovy:342)
	at org.grails.cli.GrailsCliSpec.executeInInteractiveMode(GrailsCliSpec.groovy:163)
	at org.grails.cli.GrailsCliSpec.should exit when CTRL-D is pressed(GrailsCliSpec.groovy:341)
</failure>
  </testcase>
  <testcase name="should run custom groovy script" classname="org.grails.cli.GrailsCliSpec" time="20.465">
    <failure message="java.lang.IllegalStateException" type="java.lang.IllegalStateException">java.lang.IllegalStateException
	at net.sf.expectit.matcher.SimpleResult.checkSucceeded(SimpleResult.java:99)
	at net.sf.expectit.matcher.SimpleResult.getBefore(SimpleResult.java:48)
	at org.grails.cli.GrailsCliSpec.expectPrompt(GrailsCliSpec.groovy:110)
	at org.grails.cli.GrailsCliSpec.should run custom groovy script_closure13(GrailsCliSpec.groovy:354)
	at org.grails.cli.GrailsCliSpec.executeInInteractiveMode(GrailsCliSpec.groovy:163)
	at org.grails.cli.GrailsCliSpec.should run custom groovy script(GrailsCliSpec.groovy:353)
</failure>
  </testcase>
  <system-out><![CDATA[     [copy] Copying 24 files to /tmp/junit72208469710070082/newapp
     [copy] Copied 11 empty directories to 5 empty directories under /tmp/junit72208469710070082/newapp
     [copy] Copying 11 files to /tmp/junit72208469710070082/newapp
     [copy] Copied 17 empty directories to 7 empty directories under /tmp/junit72208469710070082/newapp
     [copy] Copying 17 files to /tmp/junit72208469710070082/newapp
     [copy] Copying 24 files to /tmp/junit6016214667400145305/newapp
     [copy] Copied 11 empty directories to 5 empty directories under /tmp/junit6016214667400145305/newapp
     [copy] Copying 11 files to /tmp/junit6016214667400145305/newapp
     [copy] Copied 17 empty directories to 7 empty directories under /tmp/junit6016214667400145305/newapp
     [copy] Copying 17 files to /tmp/junit6016214667400145305/newapp
|Starting interactive mode...
grails> 
clean	Cleans a Grails application's compiled sources
compile	Compiles a Grails application
console	Loads Grails within the Groovy Swing
create-controller	Creates a controller
create-domain-class	Creates a domain class
create-integration-test	Creates an integration test
create-script	Creates a new command line script that can be used for code generation
create-service	Creates a service
create-taglib	Creates a tag library
create-unit-test	Creates a unit test
dependency-report	Prints out the Grails application's dependencies
generate-all	Generates a controller that performs CRUD operations and the associated views
generate-all	Generates a controller that performs CRUD operations and the associated views
generate-controller	Generates a controller that performs CRUD operations
generate-controller	Generates a controller that performs CRUD operations
gradle	Allows running of Gradle tasks
gradle	Allows running of Gradle tasks
install-form-fields-templates	Installs scaffolding templates that use f:all to render properties
install-form-fields-templates	Installs scaffolding templates that use f:all to render properties
package	Packages a Grails application
run-app	Runs the application
test-groovy	Tests out a Groovy script
war	Creates a WAR file for deployment to a container (like Tomcat)
detailed usage with help [command]
grails> ]]></system-out>
  <system-err><![CDATA[help
à?exit
java.lang.StackOverflowError
	at java.io.PrintStream.flush(PrintStream.java:335)
	at java.io.PrintStream.flush(PrintStream.java:338)
	at grails.build.logging.GrailsConsole.log(GrailsConsole.java:730)
	at org.grails.build.logging.GrailsConsolePrintStream.println(GrailsConsolePrintStream.java:53)
	at grails.build.logging.GrailsConsole.log(GrailsConsole.java:726)
	at org.grails.build.logging.GrailsConsolePrintStream.println(GrailsConsolePrintStream.java:53)
	at grails.build.logging.GrailsConsole.log(GrailsConsole.java:726)
	at org.grails.build.logging.GrailsConsolePrintStream.println(GrailsConsolePrintStream.java:53)
	at grails.build.logging.GrailsConsole.log(GrailsConsole.java:726)
	at org.grails.build.logging.GrailsConsolePrintStream.println(GrailsConsolePrintStream.java:53)
	at grails.build.logging.GrailsConsole.log(GrailsConsole.java:726)
	at org.grails.build.logging.GrailsConsolePrintStream.println(GrailsConsolePrintStream.java:53)
	at grails.build.logging.GrailsConsole.log(GrailsConsole.java:726)
	at org.grails.build.logging.GrailsConsolePrintStream.println(GrailsConsolePrintStream.java:53)
	at grails.build.logging.GrailsConsole.log(GrailsConsole.java:726)
	at org.grails.build.logging.GrailsConsolePrintStream.println(GrailsConsolePrintStream.java:53)
	at grails.build.logging.GrailsConsole.log(GrailsConsole.java:726)
	at org.grails.build.logging.GrailsConsolePrintStream.println(GrailsConsolePrintStream.java:53)
	at grails.build.logging.GrailsConsole.log(GrailsConsole.java:726)
	at org.grails.build.logging.GrailsConsolePrintStream.println(GrailsConsolePrintStream.java:53)
	at grails.build.logging.GrailsConsole.log(GrailsConsole.java:726)
	at org.grails.build.logging.GrailsConsolePrintStream.println(GrailsConsolePrintStream.java:53)
	at grails.build.logging.GrailsConsole.log(GrailsConsole.java:726)
	at org.grails.build.logging.GrailsConsolePrintStream.println(GrailsConsolePrintStream.java:53)
	at grails.build.logging.GrailsConsole.log(GrailsConsole.java:726)
	at org.grails.build.logging.GrailsConsolePrintStream.println(GrailsConsolePrintStream.java:53)
	at grails.build.logging.GrailsConsole.log(GrailsConsole.java:726)
	at org.grails.build.logging.GrailsConsolePrintStream.println(GrailsConsolePrintStream.java:53)
	at grails.build.logging.GrailsConsole.log(GrailsConsole.java:726)
	at org.grails.build.logging.GrailsConsolePrintStream.println(GrailsConsolePrintStream.java:53)
	at grails.build.logging.GrailsConsole.log(GrailsConsole.java:726)
	at org.grails.build.logging.GrailsConsolePrintStream.println(GrailsConsolePrintStream.java:53)
	at grails.build.logging.GrailsConsole.log(GrailsConsole.java:726)
	at org.grails.build.logging.GrailsConsolePrintStream.println(GrailsConsolePrintStream.java:53)
	at grails.build.logging.GrailsConsole.log(GrailsConsole.java:726)
	at org.grails.build.logging.GrailsConsolePrintStream.println(GrailsConsolePrintStream.java:53)
	at grails.build.logging.GrailsConsole.log(GrailsConsole.java:726)
	at org.grails.build.logging.GrailsConsolePrintStream.println(GrailsConsolePrintStream.java:53)
	at grails.build.logging.GrailsConsole.log(GrailsConsole.java:726)
	at org.grails.build.logging.GrailsConsolePrintStream.println(GrailsConsolePrintStream.java:53)
	at grails.build.logging.GrailsConsole.log(GrailsConsole.java:726)
	at org.grails.build.logging.GrailsConsolePrintStream.println(GrailsConsolePrintStream.java:53)
	at grails.build.logging.GrailsConsole.log(GrailsConsole.java:726)
	at org.grails.build.logging.GrailsConsolePrintStream.println(GrailsConsolePrintStream.java:53)
	at grails.build.logging.GrailsConsole.log(GrailsConsole.java:726)
	at org.grails.build.logging.GrailsConsolePrintStream.println(GrailsConsolePrintStream.java:53)
	at grails.build.logging.GrailsConsole.log(GrailsConsole.java:726)
	at org.grails.build.logging.GrailsConsolePrintStream.println(GrailsConsolePrintStream.java:53)
	at grails.build.logging.GrailsConsole.log(GrailsConsole.java:726)
	at org.grails.build.logging.GrailsConsolePrintStream.println(GrailsConsolePrintStream.java:53)
	at grails.build.logging.GrailsConsole.log(GrailsConsole.java:726)
	at org.grails.build.logging.GrailsConsolePrintStream.println(GrailsConsolePrintStream.java:53)
	at grails.build.logging.GrailsConsole.log(GrailsConsole.java:726)
	at org.grails.build.logging.GrailsConsolePrintStream.println(GrailsConsolePrintStream.java:53)
	at grails.build.logging.GrailsConsole.log(GrailsConsole.java:726)
	at org.grails.build.logging.GrailsConsolePrintStream.println(GrailsConsolePrintStream.java:53)
	at grails.build.logging.GrailsConsole.log(GrailsConsole.java:726)
	at org.grails.build.logging.GrailsConsolePrintStream.println(GrailsConsolePrintStream.java:53)
	at grails.build.logging.GrailsConsole.log(GrailsConsole.java:726)
	at org.grails.build.logging.GrailsConsolePrintStream.println(GrailsConsolePrintStream.java:53)
	at grails.build.logging.GrailsConsole.log(GrailsConsole.java:726)
	at org.grails.build.logging.GrailsConsolePrintStream.println(GrailsConsolePrintStream.java:53)
	at grails.build.logging.GrailsConsole.log(GrailsConsole.java:726)
	at org.grails.build.logging.GrailsConsolePrintStream.println(GrailsConsolePrintStream.java:53)
	at grails.build.logging.GrailsConsole.log(GrailsConsole.java:726)
	at org.grails.build.logging.GrailsConsolePrintStream.println(GrailsConsolePrintStream.java:53)
	at grails.build.logging.GrailsConsole.log(GrailsConsole.java:726)
	at org.grails.build.logging.GrailsConsolePrintStream.println(GrailsConsolePrintStream.java:53)
	at grails.build.logging.GrailsConsole.log(GrailsConsole.java:726)
	at org.grails.build.logging.GrailsConsolePrintStream.println(GrailsConsolePrintStream.java:53)
	at grails.build.logging.GrailsConsole.log(GrailsConsole.java:726)
	at org.grails.build.logging.GrailsConsolePrintStream.println(GrailsConsolePrintStream.java:53)
	at grails.build.logging.GrailsConsole.log(GrailsConsole.java:726)
	at org.grails.build.logging.GrailsConsolePrintStream.println(GrailsConsolePrintStream.java:53)
	at grails.build.logging.GrailsConsole.log(GrailsConsole.java:726)
	at org.grails.build.logging.GrailsConsolePrintStream.println(GrailsConsolePrintStream.java:53)
	at grails.build.logging.GrailsConsole.log(GrailsConsole.java:726)
	at org.grails.build.logging.GrailsConsolePrintStream.println(GrailsConsolePrintStream.java:53)
	at grails.build.logging.GrailsConsole.log(GrailsConsole.java:726)
	at org.grails.build.logging.GrailsConsolePrintStream.println(GrailsConsolePrintStream.java:53)
	at grails.build.logging.GrailsConsole.log(GrailsConsole.java:726)
	at org.grails.build.logging.GrailsConsolePrintStream.println(GrailsConsolePrintStream.java:53)
	at grails.build.logging.GrailsConsole.log(GrailsConsole.java:726)
	at org.grails.build.logging.GrailsConsolePrintStream.println(GrailsConsolePrintStream.java:53)
	at grails.build.logging.GrailsConsole.log(GrailsConsole.java:726)
	at org.grails.build.logging.GrailsConsolePrintStream.println(GrailsConsolePrintStream.java:53)
	at grails.build.logging.GrailsConsole.log(GrailsConsole.java:726)
	at org.grails.build.logging.GrailsConsolePrintStream.println(GrailsConsolePrintStream.java:53)
	at grails.build.logging.GrailsConsole.log(GrailsConsole.java:726)
	at org.grails.build.logging.GrailsConsolePrintStream.println(GrailsConsolePrintStream.java:53)
	at grails.build.logging.GrailsConsole.log(GrailsConsole.java:726)
	at org.grails.build.logging.GrailsConsolePrintStream.println(GrailsConsolePrintStream.java:53)
	at grails.build.logging.GrailsConsole.log(GrailsConsole.java:726)
	at org.grails.build.logging.GrailsConsolePrintStream.println(GrailsConsolePrintStream.java:53)
	at grails.build.logging.GrailsConsole.log(GrailsConsole.java:726)
	at org.grails.build.logging.GrailsConsolePrintStream.println(GrailsConsolePrintStream.java:53)
	at grails.build.logging.GrailsConsole.log(GrailsConsole.java:726)
	at org.grails.build.logging.GrailsConsolePrintStream.println(GrailsConsolePrintStream.java:53)
	at grails.build.logging.GrailsConsole.log(GrailsConsole.java:726)
	at org.grails.build.logging.GrailsConsolePrintStream.println(GrailsConsolePrintStream.java:53)
	at grails.build.logging.GrailsConsole.log(GrailsConsole.java:726)
	at org.grails.build.logging.GrailsConsolePrintStream.println(GrailsConsolePrintStream.java:53)
	at grails.build.logging.GrailsConsole.log(GrailsConsole.java:726)
	at org.grails.build.logging.GrailsConsolePrintStream.println(GrailsConsolePrintStream.java:53)
	at grails.build.logging.GrailsConsole.log(GrailsConsole.java:726)
	at org.grails.build.logging.GrailsConsolePrintStream.println(GrailsConsolePrintStream.java:53)
	at grails.build.logging.GrailsConsole.log(GrailsConsole.java:726)
	at org.grails.build.logging.GrailsConsolePrintStream.println(GrailsConsolePrintStream.java:53)
	at grails.build.logging.GrailsConsole.log(GrailsConsole.java:726)
	at org.grails.build.logging.GrailsConsolePrintStream.println(GrailsConsolePrintStream.java:53)
	at grails.build.logging.GrailsConsole.log(GrailsConsole.java:726)
	at org.grails.build.logging.GrailsConsolePrintStream.println(GrailsConsolePrintStream.java:53)
	at grails.build.logging.GrailsConsole.log(GrailsConsole.java:726)
	at org.grails.build.logging.GrailsConsolePrintStream.println(GrailsConsolePrintStream.java:53)
	at grails.build.logging.GrailsConsole.log(GrailsConsole.java:726)
	at org.grails.build.logging.GrailsConsolePrintStream.println(GrailsConsolePrintStream.java:53)
	at grails.build.logging.GrailsConsole.log(GrailsConsole.java:726)
	at org.grails.build.logging.GrailsConsolePrintStream.println(GrailsConsolePrintStream.java:53)
	at grails.build.logging.GrailsConsole.log(GrailsConsole.java:726)
	at org.grails.build.logging.GrailsConsolePrintStream.println(GrailsConsolePrintStream.java:53)
	at grails.build.logging.GrailsConsole.log(GrailsConsole.java:726)
	at org.grails.build.logging.GrailsConsolePrintStream.println(GrailsConsolePrintStream.java:53)
	at grails.build.logging.GrailsConsole.log(GrailsConsole.java:726)
	at org.grails.build.logging.GrailsConsolePrintStream.println(GrailsConsolePrintStream.java:53)
	at grails.build.logging.GrailsConsole.log(GrailsConsole.java:726)
	at org.grails.build.logging.GrailsConsolePrintStream.println(GrailsConsolePrintStream.java:53)
	at grails.build.logging.GrailsConsole.log(GrailsConsole.java:726)
	at org.grails.build.logging.GrailsConsolePrintStream.println(GrailsConsolePrintStream.java:53)
	at grails.build.logging.GrailsConsole.log(GrailsConsole.java:726)
	at org.grails.build.logging.GrailsConsolePrintStream.println(GrailsConsolePrintStream.java:53)
	at grails.build.logging.GrailsConsole.log(GrailsConsole.java:726)
	at org.grails.build.logging.GrailsConsolePrintStream.println(GrailsConsolePrintStream.java:53)
	at grails.build.logging.GrailsConsole.log(GrailsConsole.java:726)
	at org.grails.build.logging.GrailsConsolePrintStream.println(GrailsConsolePrintStream.java:53)
	at grails.build.logging.GrailsConsole.log(GrailsConsole.java:726)
	at org.grails.build.logging.GrailsConsolePrintStream.println(GrailsConsolePrintStream.java:53)
	at grails.build.logging.GrailsConsole.log(GrailsConsole.java:726)
	at org.grails.build.logging.GrailsConsolePrintStream.println(GrailsConsolePrintStream.java:53)
	at grails.build.logging.GrailsConsole.log(GrailsConsole.java:726)
	at org.grails.build.logging.GrailsConsolePrintStream.println(GrailsConsolePrintStream.java:53)
	at grails.build.logging.GrailsConsole.log(GrailsConsole.java:726)
	at org.grails.build.logging.GrailsConsolePrintStream.println(GrailsConsolePrintStream.java:53)
	at grails.build.logging.GrailsConsole.log(GrailsConsole.java:726)
	at org.grails.build.logging.GrailsConsolePrintStream.println(GrailsConsolePrintStream.java:53)
	at grails.build.logging.GrailsConsole.log(GrailsConsole.java:726)
	at org.grails.build.logging.GrailsConsolePrintStream.println(GrailsConsolePrintStream.java:53)
	at grails.build.logging.GrailsConsole.log(GrailsConsole.java:726)
	at org.grails.build.logging.GrailsConsolePrintStream.println(GrailsConsolePrintStream.java:53)
	at grails.build.logging.GrailsConsole.log(GrailsConsole.java:726)
	at org.grails.build.logging.GrailsConsolePrintStream.println(GrailsConsolePrintStream.java:53)
	at grails.build.logging.GrailsConsole.log(GrailsConsole.java:726)
	at org.grails.build.logging.GrailsConsolePrintStream.println(GrailsConsolePrintStream.java:53)
	at grails.build.logging.GrailsConsole.log(GrailsConsole.java:726)
	at org.grails.build.logging.GrailsConsolePrintStream.println(GrailsConsolePrintStream.java:53)
	at grails.build.logging.GrailsConsole.log(GrailsConsole.java:726)
	at org.grails.build.logging.GrailsConsolePrintStream.println(GrailsConsolePrintStream.java:53)
	at grails.build.logging.GrailsConsole.log(GrailsConsole.java:726)
	at org.grails.build.logging.GrailsConsolePrintStream.println(GrailsConsolePrintStream.java:53)
	at grails.build.logging.GrailsConsole.log(GrailsConsole.java:726)
	at org.grails.build.logging.GrailsConsolePrintStream.println(GrailsConsolePrintStream.java:53)
	at grails.build.logging.GrailsConsole.log(GrailsConsole.java:726)
	at org.grails.build.logging.GrailsConsolePrintStream.println(GrailsConsolePrintStream.java:53)
	at grails.build.logging.GrailsConsole.log(GrailsConsole.java:726)
	at org.grails.build.logging.GrailsConsolePrintStream.println(GrailsConsolePrintStream.java:53)
	at grails.build.logging.GrailsConsole.log(GrailsConsole.java:726)
	at org.grails.build.logging.GrailsConsolePrintStream.println(GrailsConsolePrintStream.java:53)
	at grails.build.logging.GrailsConsole.log(GrailsConsole.java:726)
	at org.grails.build.logging.GrailsConsolePrintStream.println(GrailsConsolePrintStream.java:53)
	at grails.build.logging.GrailsConsole.log(GrailsConsole.java:726)
	at org.grails.build.logging.GrailsConsolePrintStream.println(GrailsConsolePrintStream.java:53)
	at grails.build.logging.GrailsConsole.log(GrailsConsole.java:726)
	at org.grails.build.logging.GrailsConsolePrintStream.println(GrailsConsolePrintStream.java:53)
	at grails.build.logging.GrailsConsole.log(GrailsConsole.java:726)
	at org.grails.build.logging.GrailsConsolePrintStream.println(GrailsConsolePrintStream.java:53)
	at grails.build.logging.GrailsConsole.log(GrailsConsole.java:726)
	at org.grails.build.logging.GrailsConsolePrintStream.println(GrailsConsolePrintStream.java:53)
	at grails.build.logging.GrailsConsole.log(GrailsConsole.java:726)
	at org.grails.build.logging.GrailsConsolePrintStream.println(GrailsConsolePrintStream.java:53)
	at grails.build.logging.GrailsConsole.log(GrailsConsole.java:726)
	at org.grails.build.logging.GrailsConsolePrintStream.println(GrailsConsolePrintStream.java:53)
	at grails.build.logging.GrailsConsole.log(GrailsConsole.java:726)
	at org.grails.build.logging.GrailsConsolePrintStream.println(GrailsConsolePrintStream.java:53)
	at grails.build.logging.GrailsConsole.log(GrailsConsole.java:726)
	at org.grails.build.logging.GrailsConsolePrintStream.println(GrailsConsolePrintStream.java:53)
	at grails.build.logging.GrailsConsole.log(GrailsConsole.java:726)
	at org.grails.build.logging.GrailsConsolePrintStream.println(GrailsConsolePrintStream.java:53)
	at grails.build.logging.GrailsConsole.log(GrailsConsole.java:726)
	at org.grails.build.logging.GrailsConsolePrintStream.println(GrailsConsolePrintStream.java:53)
	at grails.build.logging.GrailsConsole.log(GrailsConsole.java:726)
	at org.grails.build.logging.GrailsConsolePrintStream.println(GrailsConsolePrintStream.java:53)
	at grails.build.logging.GrailsConsole.log(GrailsConsole.java:726)
	at org.grails.build.logging.GrailsConsolePrintStream.println(GrailsConsolePrintStream.java:53)
	at grails.build.logging.GrailsConsole.log(GrailsConsole.java:726)
	at org.grails.build.logging.GrailsConsolePrintStream.println(GrailsConsolePrintStream.java:53)
	at grails.build.logging.GrailsConsole.log(GrailsConsole.java:726)
	at org.grails.build.logging.GrailsConsolePrintStream.println(GrailsConsolePrintStream.java:53)
	at grails.build.logging.GrailsConsole.log(GrailsConsole.java:726)
	at org.grails.build.logging.GrailsConsolePrintStream.println(GrailsConsolePrintStream.java:53)
	at grails.build.logging.GrailsConsole.log(GrailsConsole.java:726)
	at org.grails.build.logging.GrailsConsolePrintStream.println(GrailsConsolePrintStream.java:53)
	at grails.build.logging.GrailsConsole.log(GrailsConsole.java:726)
	at org.grails.build.logging.GrailsConsolePrintStream.println(GrailsConsolePrintStream.java:53)
	at grails.build.logging.GrailsConsole.log(GrailsConsole.java:726)
	at org.grails.build.logging.GrailsConsolePrintStream.println(GrailsConsolePrintStream.java:53)
	at grails.build.logging.GrailsConsole.log(GrailsConsole.java:726)
	at org.grails.build.logging.GrailsConsolePrintStream.println(GrailsConsolePrintStream.java:53)
	at grails.build.logging.GrailsConsole.log(GrailsConsole.java:726)
	at org.grails.build.logging.GrailsConsolePrintStream.println(GrailsConsolePrintStream.java:53)
	at grails.build.logging.GrailsConsole.log(GrailsConsole.java:726)
	at org.grails.build.logging.GrailsConsolePrintStream.println(GrailsConsolePrintStream.java:53)
	at grails.build.logging.GrailsConsole.log(GrailsConsole.java:726)
	at org.grails.build.logging.GrailsConsolePrintStream.println(GrailsConsolePrintStream.java:53)
	at grails.build.logging.GrailsConsole.log(GrailsConsole.java:726)
	at org.grails.build.logging.GrailsConsolePrintStream.println(GrailsConsolePrintStream.java:53)
	at grails.build.logging.GrailsConsole.log(GrailsConsole.java:726)
	at org.grails.build.logging.GrailsConsolePrintStream.println(GrailsConsolePrintStream.java:53)
	at grails.build.logging.GrailsConsole.log(GrailsConsole.java:726)
	at org.grails.build.logging.GrailsConsolePrintStream.println(GrailsConsolePrintStream.java:53)
	at grails.build.logging.GrailsConsole.log(GrailsConsole.java:726)
	at org.grails.build.logging.GrailsConsolePrintStream.println(GrailsConsolePrintStream.java:53)
	at grails.build.logging.GrailsConsole.log(GrailsConsole.java:726)
	at org.grails.build.logging.GrailsConsolePrintStream.println(GrailsConsolePrintStream.java:53)
	at grails.build.logging.GrailsConsole.log(GrailsConsole.java:726)
	at org.grails.build.logging.GrailsConsolePrintStream.println(GrailsConsolePrintStream.java:53)
	at grails.build.logging.GrailsConsole.log(GrailsConsole.java:726)
	at org.grails.build.logging.GrailsConsolePrintStream.println(GrailsConsolePrintStream.java:53)
	at grails.build.logging.GrailsConsole.log(GrailsConsole.java:726)
	at org.grails.build.logging.GrailsConsolePrintStream.println(GrailsConsolePrintStream.java:53)
	at grails.build.logging.GrailsConsole.log(GrailsConsole.java:726)
	at org.grails.build.logging.GrailsConsolePrintStream.println(GrailsConsolePrintStream.java:53)
	at grails.build.logging.GrailsConsole.log(GrailsConsole.java:726)
	at org.grails.build.logging.GrailsConsolePrintStream.println(GrailsConsolePrintStream.java:53)
	at grails.build.logging.GrailsConsole.log(GrailsConsole.java:726)
	at org.grails.build.logging.GrailsConsolePrintStream.println(GrailsConsolePrintStream.java:53)
	at grails.build.logging.GrailsConsole.log(GrailsConsole.java:726)
	at org.grails.build.logging.GrailsConsolePrintStream.println(GrailsConsolePrintStream.java:53)
	at grails.build.logging.GrailsConsole.log(GrailsConsole.java:726)
	at org.grails.build.logging.GrailsConsolePrintStream.println(GrailsConsolePrintStream.java:53)
	at grails.build.logging.GrailsConsole.log(GrailsConsole.java:726)
	at org.grails.build.logging.GrailsConsolePrintStream.println(GrailsConsolePrintStream.java:53)
	at grails.build.logging.GrailsConsole.log(GrailsConsole.java:726)
	at org.grails.build.logging.GrailsConsolePrintStream.println(GrailsConsolePrintStream.java:53)
	at grails.build.logging.GrailsConsole.log(GrailsConsole.java:726)
	at org.grails.build.logging.GrailsConsolePrintStream.println(GrailsConsolePrintStream.java:53)
	at grails.build.logging.GrailsConsole.log(GrailsConsole.java:726)
	at org.grails.build.logging.GrailsConsolePrintStream.println(GrailsConsolePrintStream.java:53)
	at grails.build.logging.GrailsConsole.log(GrailsConsole.java:726)
	at org.grails.build.logging.GrailsConsolePrintStream.println(GrailsConsolePrintStream.java:53)
	at grails.build.logging.GrailsConsole.log(GrailsConsole.java:726)
	at org.grails.build.logging.GrailsConsolePrintStream.println(GrailsConsolePrintStream.java:53)
	at grails.build.logging.GrailsConsole.log(GrailsConsole.java:726)
	at org.grails.build.logging.GrailsConsolePrintStream.println(GrailsConsolePrintStream.java:53)
	at grails.build.logging.GrailsConsole.log(GrailsConsole.java:726)
	at org.grails.build.logging.GrailsConsolePrintStream.println(GrailsConsolePrintStream.java:53)
	at grails.build.logging.GrailsConsole.log(GrailsConsole.java:726)
	at org.grails.build.logging.GrailsConsolePrintStream.println(GrailsConsolePrintStream.java:53)
	at grails.build.logging.GrailsConsole.log(GrailsConsole.java:726)
	at org.grails.build.logging.GrailsConsolePrintStream.println(GrailsConsolePrintStream.java:53)
	at grails.build.logging.GrailsConsole.log(GrailsConsole.java:726)
	at org.grails.build.logging.GrailsConsolePrintStream.println(GrailsConsolePrintStream.java:53)
	at grails.build.logging.GrailsConsole.log(GrailsConsole.java:726)
	at org.grails.build.logging.GrailsConsolePrintStream.println(GrailsConsolePrintStream.java:53)
	at grails.build.logging.GrailsConsole.log(GrailsConsole.java:726)
	at org.grails.build.logging.GrailsConsolePrintStream.println(GrailsConsolePrintStream.java:53)
	at grails.build.logging.GrailsConsole.log(GrailsConsole.java:726)
	at org.grails.build.logging.GrailsConsolePrintStream.println(GrailsConsolePrintStream.java:53)
	at grails.build.logging.GrailsConsole.log(GrailsConsole.java:726)
	at org.grails.build.logging.GrailsConsolePrintStream.println(GrailsConsolePrintStream.java:53)
	at grails.build.logging.GrailsConsole.log(GrailsConsole.java:726)
	at org.grails.build.logging.GrailsConsolePrintStream.println(GrailsConsolePrintStream.java:53)
	at grails.build.logging.GrailsConsole.log(GrailsConsole.java:726)
	at org.grails.build.logging.GrailsConsolePrintStream.println(GrailsConsolePrintStream.java:53)
	at grails.build.logging.GrailsConsole.log(GrailsConsole.java:726)
	at org.grails.build.logging.GrailsConsolePrintStream.println(GrailsConsolePrintStream.java:53)
	at grails.build.logging.GrailsConsole.log(GrailsConsole.java:726)
	at org.grails.build.logging.GrailsConsolePrintStream.println(GrailsConsolePrintStream.java:53)
	at grails.build.logging.GrailsConsole.log(GrailsConsole.java:726)
	at org.grails.build.logging.GrailsConsolePrintStream.println(GrailsConsolePrintStream.java:53)
	at grails.build.logging.GrailsConsole.log(GrailsConsole.java:726)
	at org.grails.build.logging.GrailsConsolePrintStream.println(GrailsConsolePrintStream.java:53)
	at grails.build.logging.GrailsConsole.log(GrailsConsole.java:726)
	at org.grails.build.logging.GrailsConsolePrintStream.println(GrailsConsolePrintStream.java:53)
	at grails.build.logging.GrailsConsole.log(GrailsConsole.java:726)
	at org.grails.build.logging.GrailsConsolePrintStream.println(GrailsConsolePrintStream.java:53)
	at grails.build.logging.GrailsConsole.log(GrailsConsole.java:726)
	at org.grails.build.logging.GrailsConsolePrintStream.println(GrailsConsolePrintStream.java:53)
	at grails.build.logging.GrailsConsole.log(GrailsConsole.java:726)
	at org.grails.build.logging.GrailsConsolePrintStream.println(GrailsConsolePrintStream.java:53)
	at grails.build.logging.GrailsConsole.log(GrailsConsole.java:726)
	at org.grails.build.logging.GrailsConsolePrintStream.println(GrailsConsolePrintStream.java:53)
	at grails.build.logging.GrailsConsole.log(GrailsConsole.java:726)
	at org.grails.build.logging.GrailsConsolePrintStream.println(GrailsConsolePrintStream.java:53)
	at grails.build.logging.GrailsConsole.log(GrailsConsole.java:726)
	at org.grails.build.logging.GrailsConsolePrintStream.println(GrailsConsolePrintStream.java:53)
	at grails.build.logging.GrailsConsole.log(GrailsConsole.java:726)
	at org.grails.build.logging.GrailsConsolePrintStream.println(GrailsConsolePrintStream.java:53)
	at grails.build.logging.GrailsConsole.log(GrailsConsole.java:726)
	at org.grails.build.logging.GrailsConsolePrintStream.println(GrailsConsolePrintStream.java:53)
	at grails.build.logging.GrailsConsole.log(GrailsConsole.java:726)
	at org.grails.build.logging.GrailsConsolePrintStream.println(GrailsConsolePrintStream.java:53)
	at grails.build.logging.GrailsConsole.log(GrailsConsole.java:726)
	at org.grails.build.logging.GrailsConsolePrintStream.println(GrailsConsolePrintStream.java:53)
	at grails.build.logging.GrailsConsole.log(GrailsConsole.java:726)
	at org.grails.build.logging.GrailsConsolePrintStream.println(GrailsConsolePrintStream.java:53)
	at grails.build.logging.GrailsConsole.log(GrailsConsole.java:726)
	at org.grails.build.logging.GrailsConsolePrintStream.println(GrailsConsolePrintStream.java:53)
	at grails.build.logging.GrailsConsole.log(GrailsConsole.java:726)
	at org.grails.build.logging.GrailsConsolePrintStream.println(GrailsConsolePrintStream.java:53)
	at grails.build.logging.GrailsConsole.log(GrailsConsole.java:726)
	at org.grails.build.logging.GrailsConsolePrintStream.println(GrailsConsolePrintStream.java:53)
	at grails.build.logging.GrailsConsole.log(GrailsConsole.java:726)
	at org.grails.build.logging.GrailsConsolePrintStream.println(GrailsConsolePrintStream.java:53)
	at grails.build.logging.GrailsConsole.log(GrailsConsole.java:726)
	at org.grails.build.logging.GrailsConsolePrintStream.println(GrailsConsolePrintStream.java:53)
	at grails.build.logging.GrailsConsole.log(GrailsConsole.java:726)
	at org.grails.build.logging.GrailsConsolePrintStream.println(GrailsConsolePrintStream.java:53)
	at grails.build.logging.GrailsConsole.log(GrailsConsole.java:726)
	at org.grails.build.logging.GrailsConsolePrintStream.println(GrailsConsolePrintStream.java:53)
	at grails.build.logging.GrailsConsole.log(GrailsConsole.java:726)
	at org.grails.build.logging.GrailsConsolePrintStream.println(GrailsConsolePrintStream.java:53)
	at grails.build.logging.GrailsConsole.log(GrailsConsole.java:726)
	at org.grails.build.logging.GrailsConsolePrintStream.println(GrailsConsolePrintStream.java:53)
	at grails.build.logging.GrailsConsole.log(GrailsConsole.java:726)
	at org.grails.build.logging.GrailsConsolePrintStream.println(GrailsConsolePrintStream.java:53)
	at grails.build.logging.GrailsConsole.log(GrailsConsole.java:726)
	at org.grails.build.logging.GrailsConsolePrintStream.println(GrailsConsolePrintStream.java:53)
	at grails.build.logging.GrailsConsole.log(GrailsConsole.java:726)
	at org.grails.build.logging.GrailsConsolePrintStream.println(GrailsConsolePrintStream.java:53)
	at grails.build.logging.GrailsConsole.log(GrailsConsole.java:726)
	at org.grails.build.logging.GrailsConsolePrintStream.println(GrailsConsolePrintStream.java:53)
	at grails.build.logging.GrailsConsole.log(GrailsConsole.java:726)
	at org.grails.build.logging.GrailsConsolePrintStream.println(GrailsConsolePrintStream.java:53)
	at grails.build.logging.GrailsConsole.log(GrailsConsole.java:726)
	at org.grails.build.logging.GrailsConsolePrintStream.println(GrailsConsolePrintStream.java:53)
	at grails.build.logging.GrailsConsole.log(GrailsConsole.java:726)
	at org.grails.build.logging.GrailsConsolePrintStream.println(GrailsConsolePrintStream.java:53)
	at grails.build.logging.GrailsConsole.log(GrailsConsole.java:726)
	at org.grails.build.logging.GrailsConsolePrintStream.println(GrailsConsolePrintStream.java:53)
	at grails.build.logging.GrailsConsole.log(GrailsConsole.java:726)
	at org.grails.build.logging.GrailsConsolePrintStream.println(GrailsConsolePrintStream.java:53)
	at grails.build.logging.GrailsConsole.log(GrailsConsole.java:726)
	at org.grails.build.logging.GrailsConsolePrintStream.println(GrailsConsolePrintStream.java:53)
	at grails.build.logging.GrailsConsole.log(GrailsConsole.java:726)
	at org.grails.build.logging.GrailsConsolePrintStream.println(GrailsConsolePrintStream.java:53)
	at grails.build.logging.GrailsConsole.log(GrailsConsole.java:726)
	at org.grails.build.logging.GrailsConsolePrintStream.println(GrailsConsolePrintStream.java:53)
	at grails.build.logging.GrailsConsole.log(GrailsConsole.java:726)
	at org.grails.build.logging.GrailsConsolePrintStream.println(GrailsConsolePrintStream.java:53)
	at grails.build.logging.GrailsConsole.log(GrailsConsole.java:726)
	at org.grails.build.logging.GrailsConsolePrintStream.println(GrailsConsolePrintStream.java:53)
	at grails.build.logging.GrailsConsole.log(GrailsConsole.java:726)
	at org.grails.build.logging.GrailsConsolePrintStream.println(GrailsConsolePrintStream.java:53)
	at grails.build.logging.GrailsConsole.log(GrailsConsole.java:726)
	at org.grails.build.logging.GrailsConsolePrintStream.println(GrailsConsolePrintStream.java:53)
	at grails.build.logging.GrailsConsole.log(GrailsConsole.java:726)
	at org.grails.build.logging.GrailsConsolePrintStream.println(GrailsConsolePrintStream.java:53)
	at grails.build.logging.GrailsConsole.log(GrailsConsole.java:726)
	at org.grails.build.logging.GrailsConsolePrintStream.println(GrailsConsolePrintStream.java:53)
	at grails.build.logging.GrailsConsole.log(GrailsConsole.java:726)
	at org.grails.build.logging.GrailsConsolePrintStream.println(GrailsConsolePrintStream.java:53)
	at grails.build.logging.GrailsConsole.log(GrailsConsole.java:726)
	at org.grails.build.logging.GrailsConsolePrintStream.println(GrailsConsolePrintStream.java:53)
	at grails.build.logging.GrailsConsole.log(GrailsConsole.java:726)
	at org.grails.build.logging.GrailsConsolePrintStream.println(GrailsConsolePrintStream.java:53)
	at grails.build.logging.GrailsConsole.log(GrailsConsole.java:726)
	at org.grails.build.logging.GrailsConsolePrintStream.println(GrailsConsolePrintStream.java:53)
	at grails.build.logging.GrailsConsole.log(GrailsConsole.java:726)
	at org.grails.build.logging.GrailsConsolePrintStream.println(GrailsConsolePrintStream.java:53)
	at grails.build.logging.GrailsConsole.log(GrailsConsole.java:726)
	at org.grails.build.logging.GrailsConsolePrintStream.println(GrailsConsolePrintStream.java:53)
	at grails.build.logging.GrailsConsole.log(GrailsConsole.java:726)
	at org.grails.build.logging.GrailsConsolePrintStream.println(GrailsConsolePrintStream.java:53)
	at grails.build.logging.GrailsConsole.log(GrailsConsole.java:726)
	at org.grails.build.logging.GrailsConsolePrintStream.println(GrailsConsolePrintStream.java:53)
	at grails.build.logging.GrailsConsole.log(GrailsConsole.java:726)
	at org.grails.build.logging.GrailsConsolePrintStream.println(GrailsConsolePrintStream.java:53)
	at grails.build.logging.GrailsConsole.log(GrailsConsole.java:726)
	at org.grails.build.logging.GrailsConsolePrintStream.println(GrailsConsolePrintStream.java:53)
	at grails.build.logging.GrailsConsole.log(GrailsConsole.java:726)
	at org.grails.build.logging.GrailsConsolePrintStream.println(GrailsConsolePrintStream.java:53)
	at grails.build.logging.GrailsConsole.log(GrailsConsole.java:726)
	at org.grails.build.logging.GrailsConsolePrintStream.println(GrailsConsolePrintStream.java:53)
	at grails.build.logging.GrailsConsole.log(GrailsConsole.java:726)
	at org.grails.build.logging.GrailsConsolePrintStream.println(GrailsConsolePrintStream.java:53)
	at grails.build.logging.GrailsConsole.log(GrailsConsole.java:726)
	at org.grails.build.logging.GrailsConsolePrintStream.println(GrailsConsolePrintStream.java:53)
	at grails.build.logging.GrailsConsole.log(GrailsConsole.java:726)
	at org.grails.build.logging.GrailsConsolePrintStream.println(GrailsConsolePrintStream.java:53)
	at grails.build.logging.GrailsConsole.log(GrailsConsole.java:726)
	at org.grails.build.logging.GrailsConsolePrintStream.println(GrailsConsolePrintStream.java:53)
	at grails.build.logging.GrailsConsole.log(GrailsConsole.java:726)
	at org.grails.build.logging.GrailsConsolePrintStream.println(GrailsConsolePrintStream.java:53)
	at grails.build.logging.GrailsConsole.log(GrailsConsole.java:726)
	at org.grails.build.logging.GrailsConsolePrintStream.println(GrailsConsolePrintStream.java:53)
	at grails.build.logging.GrailsConsole.log(GrailsConsole.java:726)
	at org.grails.build.logging.GrailsConsolePrintStream.println(GrailsConsolePrintStream.java:53)
	at grails.build.logging.GrailsConsole.log(GrailsConsole.java:726)
	at org.grails.build.logging.GrailsConsolePrintStream.println(GrailsConsolePrintStream.java:53)
	at grails.build.logging.GrailsConsole.log(GrailsConsole.java:726)
	at org.grails.build.logging.GrailsConsolePrintStream.println(GrailsConsolePrintStream.java:53)
	at grails.build.logging.GrailsConsole.log(GrailsConsole.java:726)
	at org.grails.build.logging.GrailsConsolePrintStream.println(GrailsConsolePrintStream.java:53)
	at grails.build.logging.GrailsConsole.log(GrailsConsole.java:726)
	at org.grails.build.logging.GrailsConsolePrintStream.println(GrailsConsolePrintStream.java:53)
	at grails.build.logging.GrailsConsole.log(GrailsConsole.java:726)
	at org.grails.build.logging.GrailsConsolePrintStream.println(GrailsConsolePrintStream.java:53)
	at grails.build.logging.GrailsConsole.log(GrailsConsole.java:726)
	at org.grails.build.logging.GrailsConsolePrintStream.println(GrailsConsolePrintStream.java:53)
	at grails.build.logging.GrailsConsole.log(GrailsConsole.java:726)
	at org.grails.build.logging.GrailsConsolePrintStream.println(GrailsConsolePrintStream.java:53)
	at grails.build.logging.GrailsConsole.log(GrailsConsole.java:726)
	at org.grails.build.logging.GrailsConsolePrintStream.println(GrailsConsolePrintStream.java:53)
	at grails.build.logging.GrailsConsole.log(GrailsConsole.java:726)
	at org.grails.build.logging.GrailsConsolePrintStream.println(GrailsConsolePrintStream.java:53)
	at grails.build.logging.GrailsConsole.log(GrailsConsole.java:726)
	at org.grails.build.logging.GrailsConsolePrintStream.println(GrailsConsolePrintStream.java:53)
	at grails.build.logging.GrailsConsole.log(GrailsConsole.java:726)
	at org.grails.build.logging.GrailsConsolePrintStream.println(GrailsConsolePrintStream.java:53)
	at grails.build.logging.GrailsConsole.log(GrailsConsole.java:726)
	at org.grails.build.logging.GrailsConsolePrintStream.println(GrailsConsolePrintStream.java:53)
	at grails.build.logging.GrailsConsole.log(GrailsConsole.java:726)
	at org.grails.build.logging.GrailsConsolePrintStream.println(GrailsConsolePrintStream.java:53)
	at grails.build.logging.GrailsConsole.log(GrailsConsole.java:726)
	at org.grails.build.logging.GrailsConsolePrintStream.println(GrailsConsolePrintStream.java:53)
	at grails.build.logging.GrailsConsole.log(GrailsConsole.java:726)
	at org.grails.build.logging.GrailsConsolePrintStream.println(GrailsConsolePrintStream.java:53)
	at grails.build.logging.GrailsConsole.log(GrailsConsole.java:726)
	at org.grails.build.logging.GrailsConsolePrintStream.println(GrailsConsolePrintStream.java:53)
	at grails.build.logging.GrailsConsole.log(GrailsConsole.java:726)
	at org.grails.build.logging.GrailsConsolePrintStream.println(GrailsConsolePrintStream.java:53)
	at grails.build.logging.GrailsConsole.log(GrailsConsole.java:726)
	at org.grails.build.logging.GrailsConsolePrintStream.println(GrailsConsolePrintStream.java:53)
	at grails.build.logging.GrailsConsole.log(GrailsConsole.java:726)
	at org.grails.build.logging.GrailsConsolePrintStream.println(GrailsConsolePrintStream.java:53)
	at grails.build.logging.GrailsConsole.log(GrailsConsole.java:726)
	at org.grails.build.logging.GrailsConsolePrintStream.println(GrailsConsolePrintStream.java:53)
	at grails.build.logging.GrailsConsole.log(GrailsConsole.java:726)
	at org.grails.build.logging.GrailsConsolePrintStream.println(GrailsConsolePrintStream.java:53)
	at grails.build.logging.GrailsConsole.log(GrailsConsole.java:726)
	at org.grails.build.logging.GrailsConsolePrintStream.println(GrailsConsolePrintStream.java:53)
	at grails.build.logging.GrailsConsole.log(GrailsConsole.java:726)
	at org.grails.build.logging.GrailsConsolePrintStream.println(GrailsConsolePrintStream.java:53)
	at grails.build.logging.GrailsConsole.log(GrailsConsole.java:726)
	at org.grails.build.logging.GrailsConsolePrintStream.println(GrailsConsolePrintStream.java:53)
	at grails.build.logging.GrailsConsole.log(GrailsConsole.java:726)
	at org.grails.build.logging.GrailsConsolePrintStream.println(GrailsConsolePrintStream.java:53)
	at grails.build.logging.GrailsConsole.log(GrailsConsole.java:726)
	at org.grails.build.logging.GrailsConsolePrintStream.println(GrailsConsolePrintStream.java:53)
	at grails.build.logging.GrailsConsole.log(GrailsConsole.java:726)
	at org.grails.build.logging.GrailsConsolePrintStream.println(GrailsConsolePrintStream.java:53)
	at grails.build.logging.GrailsConsole.log(GrailsConsole.java:726)
	at org.grails.build.logging.GrailsConsolePrintStream.println(GrailsConsolePrintStream.java:53)
	at grails.build.logging.GrailsConsole.log(GrailsConsole.java:726)
	at org.grails.build.logging.GrailsConsolePrintStream.println(GrailsConsolePrintStream.java:53)
	at grails.build.logging.GrailsConsole.log(GrailsConsole.java:726)
	at org.grails.build.logging.GrailsConsolePrintStream.println(GrailsConsolePrintStream.java:53)
	at grails.build.logging.GrailsConsole.log(GrailsConsole.java:726)
	at org.grails.build.logging.GrailsConsolePrintStream.println(GrailsConsolePrintStream.java:53)
	at grails.build.logging.GrailsConsole.log(GrailsConsole.java:726)
	at org.grails.build.logging.GrailsConsolePrintStream.println(GrailsConsolePrintStream.java:53)
	at grails.build.logging.GrailsConsole.log(GrailsConsole.java:726)
	at org.grails.build.logging.GrailsConsolePrintStream.println(GrailsConsolePrintStream.java:53)
	at grails.build.logging.GrailsConsole.log(GrailsConsole.java:726)
	at org.grails.build.logging.GrailsConsolePrintStream.println(GrailsConsolePrintStream.java:53)
	at grails.build.logging.GrailsConsole.log(GrailsConsole.java:726)
	at org.grails.build.logging.GrailsConsolePrintStream.println(GrailsConsolePrintStream.java:53)
	at grails.build.logging.GrailsConsole.log(GrailsConsole.java:726)
	at org.grails.build.logging.GrailsConsolePrintStream.println(GrailsConsolePrintStream.java:53)
	at grails.build.logging.GrailsConsole.log(GrailsConsole.java:726)
	at org.grails.build.logging.GrailsConsolePrintStream.println(GrailsConsolePrintStream.java:53)
	at grails.build.logging.GrailsConsole.log(GrailsConsole.java:726)
	at org.grails.build.logging.GrailsConsolePrintStream.println(GrailsConsolePrintStream.java:53)
	at grails.build.logging.GrailsConsole.log(GrailsConsole.java:726)
	at org.grails.build.logging.GrailsConsolePrintStream.println(GrailsConsolePrintStream.java:53)
	at grails.build.logging.GrailsConsole.log(GrailsConsole.java:726)
	at org.grails.build.logging.GrailsConsolePrintStream.println(GrailsConsolePrintStream.java:53)
	at grails.build.logging.GrailsConsole.log(GrailsConsole.java:726)
	at org.grails.build.logging.GrailsConsolePrintStream.println(GrailsConsolePrintStream.java:53)
	at grails.build.logging.GrailsConsole.log(GrailsConsole.java:726)
	at org.grails.build.logging.GrailsConsolePrintStream.println(GrailsConsolePrintStream.java:53)
	at grails.build.logging.GrailsConsole.log(GrailsConsole.java:726)
	at org.grails.build.logging.GrailsConsolePrintStream.println(GrailsConsolePrintStream.java:53)
	at grails.build.logging.GrailsConsole.log(GrailsConsole.java:726)
	at org.grails.build.logging.GrailsConsolePrintStream.println(GrailsConsolePrintStream.java:53)
	at grails.build.logging.GrailsConsole.log(GrailsConsole.java:726)
	at org.grails.build.logging.GrailsConsolePrintStream.println(GrailsConsolePrintStream.java:53)
	at grails.build.logging.GrailsConsole.log(GrailsConsole.java:726)
	at org.grails.build.logging.GrailsConsolePrintStream.println(GrailsConsolePrintStream.java:53)
	at grails.build.logging.GrailsConsole.log(GrailsConsole.java:726)
	at org.grails.build.logging.GrailsConsolePrintStream.println(GrailsConsolePrintStream.java:53)
	at grails.build.logging.GrailsConsole.log(GrailsConsole.java:726)
	at org.grails.build.logging.GrailsConsolePrintStream.println(GrailsConsolePrintStream.java:53)
	at grails.build.logging.GrailsConsole.log(GrailsConsole.java:726)
	at org.grails.build.logging.GrailsConsolePrintStream.println(GrailsConsolePrintStream.java:53)
	at grails.build.logging.GrailsConsole.log(GrailsConsole.java:726)
	at org.grails.build.logging.GrailsConsolePrintStream.println(GrailsConsolePrintStream.java:53)
	at grails.build.logging.GrailsConsole.log(GrailsConsole.java:726)
	at org.grails.build.logging.GrailsConsolePrintStream.println(GrailsConsolePrintStream.java:53)
	at grails.build.logging.GrailsConsole.log(GrailsConsole.java:726)
	at org.grails.build.logging.GrailsConsolePrintStream.println(GrailsConsolePrintStream.java:53)
	at grails.build.logging.GrailsConsole.log(GrailsConsole.java:726)
	at org.grails.build.logging.GrailsConsolePrintStream.println(GrailsConsolePrintStream.java:53)
	at grails.build.logging.GrailsConsole.log(GrailsConsole.java:726)
	at org.grails.build.logging.GrailsConsolePrintStream.println(GrailsConsolePrintStream.java:53)
	at grails.build.logging.GrailsConsole.log(GrailsConsole.java:726)
	at org.grails.build.logging.GrailsConsolePrintStream.println(GrailsConsolePrintStream.java:53)
	at grails.build.logging.GrailsConsole.log(GrailsConsole.java:726)
	at org.grails.build.logging.GrailsConsolePrintStream.println(GrailsConsolePrintStream.java:53)
	at grails.build.logging.GrailsConsole.log(GrailsConsole.java:726)
	at org.grails.build.logging.GrailsConsolePrintStream.println(GrailsConsolePrintStream.java:53)
	at grails.build.logging.GrailsConsole.log(GrailsConsole.java:726)
	at org.grails.build.logging.GrailsConsolePrintStream.println(GrailsConsolePrintStream.java:53)
	at grails.build.logging.GrailsConsole.log(GrailsConsole.java:726)
	at org.grails.build.logging.GrailsConsolePrintStream.println(GrailsConsolePrintStream.java:53)
	at grails.build.logging.GrailsConsole.log(GrailsConsole.java:726)
	at org.grails.build.logging.GrailsConsolePrintStream.println(GrailsConsolePrintStream.java:53)
	at grails.build.logging.GrailsConsole.log(GrailsConsole.java:726)
	at org.grails.build.logging.GrailsConsolePrintStream.println(GrailsConsolePrintStream.java:53)
	at grails.build.logging.GrailsConsole.log(GrailsConsole.java:726)
	at org.grails.build.logging.GrailsConsolePrintStream.println(GrailsConsolePrintStream.java:53)
	at grails.build.logging.GrailsConsole.log(GrailsConsole.java:726)
	at org.grails.build.logging.GrailsConsolePrintStream.println(GrailsConsolePrintStream.java:53)
	at grails.build.logging.GrailsConsole.log(GrailsConsole.java:726)
	at org.grails.build.logging.GrailsConsolePrintStream.println(GrailsConsolePrintStream.java:53)
	at grails.build.logging.GrailsConsole.log(GrailsConsole.java:726)
	at org.grails.build.logging.GrailsConsolePrintStream.println(GrailsConsolePrintStream.java:53)
	at grails.build.logging.GrailsConsole.log(GrailsConsole.java:726)
	at org.grails.build.logging.GrailsConsolePrintStream.println(GrailsConsolePrintStream.java:53)
	at grails.build.logging.GrailsConsole.log(GrailsConsole.java:726)
	at org.grails.build.logging.GrailsConsolePrintStream.println(GrailsConsolePrintStream.java:53)
	at grails.build.logging.GrailsConsole.log(GrailsConsole.java:726)
	at org.grails.build.logging.GrailsConsolePrintStream.println(GrailsConsolePrintStream.java:53)
	at grails.build.logging.GrailsConsole.log(GrailsConsole.java:726)
	at org.grails.build.logging.GrailsConsolePrintStream.println(GrailsConsolePrintStream.java:53)
	at grails.build.logging.GrailsConsole.log(GrailsConsole.java:726)
	at org.grails.build.logging.GrailsConsolePrintStream.println(GrailsConsolePrintStream.java:53)
	at grails.build.logging.GrailsConsole.log(GrailsConsole.java:726)
	at org.grails.build.logging.GrailsConsolePrintStream.println(GrailsConsolePrintStream.java:53)
	at grails.build.logging.GrailsConsole.log(GrailsConsole.java:726)
	at org.grails.build.logging.GrailsConsolePrintStream.println(GrailsConsolePrintStream.java:53)
	at grails.build.logging.GrailsConsole.log(GrailsConsole.java:726)
	at org.grails.build.logging.GrailsConsolePrintStream.println(GrailsConsolePrintStream.java:53)
	at grails.build.logging.GrailsConsole.log(GrailsConsole.java:726)
	at org.grails.build.logging.GrailsConsolePrintStream.println(GrailsConsolePrintStream.java:53)
	at grails.build.logging.GrailsConsole.log(GrailsConsole.java:726)
	at org.grails.build.logging.GrailsConsolePrintStream.println(GrailsConsolePrintStream.java:53)
	at grails.build.logging.GrailsConsole.log(GrailsConsole.java:726)
	at org.grails.build.logging.GrailsConsolePrintStream.println(GrailsConsolePrintStream.java:53)
	at grails.build.logging.GrailsConsole.log(GrailsConsole.java:726)
	at org.grails.build.logging.GrailsConsolePrintStream.println(GrailsConsolePrintStream.java:53)
	at grails.build.logging.GrailsConsole.log(GrailsConsole.java:726)
	at org.grails.build.logging.GrailsConsolePrintStream.println(GrailsConsolePrintStream.java:53)
	at grails.build.logging.GrailsConsole.log(GrailsConsole.java:726)
	at org.grails.build.logging.GrailsConsolePrintStream.println(GrailsConsolePrintStream.java:53)
	at grails.build.logging.GrailsConsole.log(GrailsConsole.java:726)
	at org.grails.build.logging.GrailsConsolePrintStream.println(GrailsConsolePrintStream.java:53)
	at grails.build.logging.GrailsConsole.log(GrailsConsole.java:726)
	at org.grails.build.logging.GrailsConsolePrintStream.println(GrailsConsolePrintStream.java:53)
	at grails.build.logging.GrailsConsole.log(GrailsConsole.java:726)
	at org.grails.build.logging.GrailsConsolePrintStream.println(GrailsConsolePrintStream.java:53)
	at grails.build.logging.GrailsConsole.log(GrailsConsole.java:726)
	at org.grails.build.logging.GrailsConsolePrintStream.println(GrailsConsolePrintStream.java:53)
	at grails.build.logging.GrailsConsole.log(GrailsConsole.java:726)
	at org.grails.build.logging.GrailsConsolePrintStream.println(GrailsConsolePrintStream.java:53)
	at grails.build.logging.GrailsConsole.log(GrailsConsole.java:726)
	at org.grails.build.logging.GrailsConsolePrintStream.println(GrailsConsolePrintStream.java:53)
	at grails.build.logging.GrailsConsole.log(GrailsConsole.java:726)
	at org.grails.build.logging.GrailsConsolePrintStream.println(GrailsConsolePrintStream.java:53)
	at grails.build.logging.GrailsConsole.log(GrailsConsole.java:726)
	at org.grails.build.logging.GrailsConsolePrintStream.println(GrailsConsolePrintStream.java:53)
	at grails.build.logging.GrailsConsole.log(GrailsConsole.java:726)
	at org.grails.build.logging.GrailsConsolePrintStream.println(GrailsConsolePrintStream.java:53)
	at grails.build.logging.GrailsConsole.log(GrailsConsole.java:726)
	at org.grails.build.logging.GrailsConsolePrintStream.println(GrailsConsolePrintStream.java:53)
	at grails.build.logging.GrailsConsole.log(GrailsConsole.java:726)
	at org.grails.build.logging.GrailsConsolePrintStream.println(GrailsConsolePrintStream.java:53)
	at grails.build.logging.GrailsConsole.log(GrailsConsole.java:726)
	at org.grails.build.logging.GrailsConsolePrintStream.println(GrailsConsolePrintStream.java:53)
	at grails.build.logging.GrailsConsole.log(GrailsConsole.java:726)
	at org.grails.build.logging.GrailsConsolePrintStream.println(GrailsConsolePrintStream.java:53)
	at grails.build.logging.GrailsConsole.log(GrailsConsole.java:726)
	at org.grails.build.logging.GrailsConsolePrintStream.println(GrailsConsolePrintStream.java:53)
	at grails.build.logging.GrailsConsole.log(GrailsConsole.java:726)
	at org.grails.build.logging.GrailsConsolePrintStream.println(GrailsConsolePrintStream.java:53)
	at grails.build.logging.GrailsConsole.log(GrailsConsole.java:726)
	at org.grails.build.logging.GrailsConsolePrintStream.println(GrailsConsolePrintStream.java:53)
	at grails.build.logging.GrailsConsole.log(GrailsConsole.java:726)
	at org.grails.build.logging.GrailsConsolePrintStream.println(GrailsConsolePrintStream.java:53)
	at grails.build.logging.GrailsConsole.log(GrailsConsole.java:726)
	at org.grails.build.logging.GrailsConsolePrintStream.println(GrailsConsolePrintStream.java:53)
	at grails.build.logging.GrailsConsole.log(GrailsConsole.java:726)
	at org.grails.build.logging.GrailsConsolePrintStream.println(GrailsConsolePrintStream.java:53)
	at grails.build.logging.GrailsConsole.log(GrailsConsole.java:726)
	at org.grails.build.logging.GrailsConsolePrintStream.println(GrailsConsolePrintStream.java:53)
	at grails.build.logging.GrailsConsole.log(GrailsConsole.java:726)
	at org.grails.build.logging.GrailsConsolePrintStream.println(GrailsConsolePrintStream.java:53)
	at grails.build.logging.GrailsConsole.log(GrailsConsole.java:726)
	at org.grails.build.logging.GrailsConsolePrintStream.println(GrailsConsolePrintStream.java:53)
	at grails.build.logging.GrailsConsole.log(GrailsConsole.java:726)
	at org.grails.build.logging.GrailsConsolePrintStream.println(GrailsConsolePrintStream.java:53)
	at grails.build.logging.GrailsConsole.log(GrailsConsole.java:726)
	at org.grails.build.logging.GrailsConsolePrintStream.println(GrailsConsolePrintStream.java:53)
	at grails.build.logging.GrailsConsole.log(GrailsConsole.java:726)
	at org.grails.build.logging.GrailsConsolePrintStream.println(GrailsConsolePrintStream.java:53)
	at grails.build.logging.GrailsConsole.log(GrailsConsole.java:726)
	at org.grails.build.logging.GrailsConsolePrintStream.println(GrailsConsolePrintStream.java:53)
	at grails.build.logging.GrailsConsole.log(GrailsConsole.java:726)
	at org.grails.build.logging.GrailsConsolePrintStream.println(GrailsConsolePrintStream.java:53)
	at grails.build.logging.GrailsConsole.log(GrailsConsole.java:726)
	at org.grails.build.logging.GrailsConsolePrintStream.println(GrailsConsolePrintStream.java:53)
	at grails.build.logging.GrailsConsole.log(GrailsConsole.java:726)
	at org.grails.build.logging.GrailsConsolePrintStream.println(GrailsConsolePrintStream.java:53)
	at grails.build.logging.GrailsConsole.log(GrailsConsole.java:726)
	at org.grails.build.logging.GrailsConsolePrintStream.println(GrailsConsolePrintStream.java:53)
	at grails.build.logging.GrailsConsole.log(GrailsConsole.java:726)
	at org.grails.build.logging.GrailsConsolePrintStream.println(GrailsConsolePrintStream.java:53)
	at grails.build.logging.GrailsConsole.log(GrailsConsole.java:726)
	at org.grails.build.logging.GrailsConsolePrintStream.println(GrailsConsolePrintStream.java:53)
	at grails.build.logging.GrailsConsole.log(GrailsConsole.java:726)
	at org.grails.build.logging.GrailsConsolePrintStream.println(GrailsConsolePrintStream.java:53)
	at grails.build.logging.GrailsConsole.log(GrailsConsole.java:726)
	at org.grails.build.logging.GrailsConsolePrintStream.println(GrailsConsolePrintStream.java:53)
	at grails.build.logging.GrailsConsole.log(GrailsConsole.java:726)
	at org.grails.build.logging.GrailsConsolePrintStream.println(GrailsConsolePrintStream.java:53)
	at grails.build.logging.GrailsConsole.log(GrailsConsole.java:726)
	at org.grails.build.logging.GrailsConsolePrintStream.println(GrailsConsolePrintStream.java:53)
	at grails.build.logging.GrailsConsole.log(GrailsConsole.java:726)
	at org.grails.build.logging.GrailsConsolePrintStream.println(GrailsConsolePrintStream.java:53)
	at grails.build.logging.GrailsConsole.log(GrailsConsole.java:726)
	at org.grails.build.logging.GrailsConsolePrintStream.println(GrailsConsolePrintStream.java:53)
	at grails.build.logging.GrailsConsole.log(GrailsConsole.java:726)
	at org.grails.build.logging.GrailsConsolePrintStream.println(GrailsConsolePrintStream.java:53)
	at grails.build.logging.GrailsConsole.log(GrailsConsole.java:726)
	at org.grails.build.logging.GrailsConsolePrintStream.println(GrailsConsolePrintStream.java:53)
	at grails.build.logging.GrailsConsole.log(GrailsConsole.java:726)
	at org.grails.build.logging.GrailsConsolePrintStream.println(GrailsConsolePrintStream.java:53)
	at grails.build.logging.GrailsConsole.log(GrailsConsole.java:726)
	at org.grails.build.logging.GrailsConsolePrintStream.println(GrailsConsolePrintStream.java:53)
	at grails.build.logging.GrailsConsole.log(GrailsConsole.java:726)
	at org.grails.build.logging.GrailsConsolePrintStream.println(GrailsConsolePrintStream.java:53)
	at grails.build.logging.GrailsConsole.log(GrailsConsole.java:726)
	at org.grails.build.logging.GrailsConsolePrintStream.println(GrailsConsolePrintStream.java:53)
	at grails.build.logging.GrailsConsole.log(GrailsConsole.java:726)
	at org.grails.build.logging.GrailsConsolePrintStream.println(GrailsConsolePrintStream.java:53)
	at grails.build.logging.GrailsConsole.log(GrailsConsole.java:726)
	at org.grails.build.logging.GrailsConsolePrintStream.println(GrailsConsolePrintStream.java:53)
	at grails.build.logging.GrailsConsole.log(GrailsConsole.java:726)
	at org.grails.build.logging.GrailsConsolePrintStream.println(GrailsConsolePrintStream.java:53)
	at grails.build.logging.GrailsConsole.log(GrailsConsole.java:726)
	at org.grails.build.logging.GrailsConsolePrintStream.println(GrailsConsolePrintStream.java:53)
	at grails.build.logging.GrailsConsole.log(GrailsConsole.java:726)
	at org.grails.build.logging.GrailsConsolePrintStream.println(GrailsConsolePrintStream.java:53)
	at grails.build.logging.GrailsConsole.log(GrailsConsole.java:726)
	at org.grails.build.logging.GrailsConsolePrintStream.println(GrailsConsolePrintStream.java:53)
	at grails.build.logging.GrailsConsole.log(GrailsConsole.java:726)
	at org.grails.build.logging.GrailsConsolePrintStream.println(GrailsConsolePrintStream.java:53)
	at grails.build.logging.GrailsConsole.log(GrailsConsole.java:726)
	at org.grails.build.logging.GrailsConsolePrintStream.println(GrailsConsolePrintStream.java:53)
	at grails.build.logging.GrailsConsole.log(GrailsConsole.java:726)
	at org.grails.build.logging.GrailsConsolePrintStream.println(GrailsConsolePrintStream.java:53)
	at grails.build.logging.GrailsConsole.log(GrailsConsole.java:726)
	at org.grails.build.logging.GrailsConsolePrintStream.println(GrailsConsolePrintStream.java:53)
	at grails.build.logging.GrailsConsole.log(GrailsConsole.java:726)
	at org.grails.build.logging.GrailsConsolePrintStream.println(GrailsConsolePrintStream.java:53)
	at grails.build.logging.GrailsConsole.log(GrailsConsole.java:726)
	at org.grails.build.logging.GrailsConsolePrintStream.println(GrailsConsolePrintStream.java:53)
	at grails.build.logging.GrailsConsole.log(GrailsConsole.java:726)
	at org.grails.build.logging.GrailsConsolePrintStream.println(GrailsConsolePrintStream.java:53)
	at grails.build.logging.GrailsConsole.log(GrailsConsole.java:726)
	at org.grails.build.logging.GrailsConsolePrintStream.println(GrailsConsolePrintStream.java:53)
	at grails.build.logging.GrailsConsole.log(GrailsConsole.java:726)
	at org.grails.build.logging.GrailsConsolePrintStream.println(GrailsConsolePrintStream.java:53)
	at grails.build.logging.GrailsConsole.log(GrailsConsole.java:726)
	at org.grails.build.logging.GrailsConsolePrintStream.println(GrailsConsolePrintStream.java:53)
	at grails.build.logging.GrailsConsole.log(GrailsConsole.java:726)
	at org.grails.build.logging.GrailsConsolePrintStream.println(GrailsConsolePrintStream.java:53)
	at grails.build.logging.GrailsConsole.log(GrailsConsole.java:726)
	at org.grails.build.logging.GrailsConsolePrintStream.println(GrailsConsolePrintStream.java:53)
	at grails.build.logging.GrailsConsole.log(GrailsConsole.java:726)
	at org.grails.build.logging.GrailsConsolePrintStream.println(GrailsConsolePrintStream.java:53)
	at grails.build.logging.GrailsConsole.log(GrailsConsole.java:726)
	at org.grails.build.logging.GrailsConsolePrintStream.println(GrailsConsolePrintStream.java:53)
	at grails.build.logging.GrailsConsole.log(GrailsConsole.java:726)
	at org.grails.build.logging.GrailsConsolePrintStream.println(GrailsConsolePrintStream.java:53)
	at grails.build.logging.GrailsConsole.log(GrailsConsole.java:726)
	at org.grails.build.logging.GrailsConsolePrintStream.println(GrailsConsolePrintStream.java:53)
	at grails.build.logging.GrailsConsole.log(GrailsConsole.java:726)
	at org.grails.build.logging.GrailsConsolePrintStream.println(GrailsConsolePrintStream.java:53)
	at grails.build.logging.GrailsConsole.log(GrailsConsole.java:726)
	at org.grails.build.logging.GrailsConsolePrintStream.println(GrailsConsolePrintStream.java:53)
	at grails.build.logging.GrailsConsole.log(GrailsConsole.java:726)
	at org.grails.build.logging.GrailsConsolePrintStream.println(GrailsConsolePrintStream.java:53)
	at grails.build.logging.GrailsConsole.log(GrailsConsole.java:726)
	at org.grails.build.logging.GrailsConsolePrintStream.println(GrailsConsolePrintStream.java:53)
	at grails.build.logging.GrailsConsole.log(GrailsConsole.java:726)
	at org.grails.build.logging.GrailsConsolePrintStream.println(GrailsConsolePrintStream.java:53)
	at grails.build.logging.GrailsConsole.log(GrailsConsole.java:726)
	at org.grails.build.logging.GrailsConsolePrintStream.println(GrailsConsolePrintStream.java:53)
	at grails.build.logging.GrailsConsole.log(GrailsConsole.java:726)
	at org.grails.build.logging.GrailsConsolePrintStream.println(GrailsConsolePrintStream.java:53)
	at grails.build.logging.GrailsConsole.log(GrailsConsole.java:726)
	at org.grails.build.logging.GrailsConsolePrintStream.println(GrailsConsolePrintStream.java:53)
	at grails.build.logging.GrailsConsole.log(GrailsConsole.java:726)
	at org.grails.build.logging.GrailsConsolePrintStream.println(GrailsConsolePrintStream.java:53)
	at grails.build.logging.GrailsConsole.log(GrailsConsole.java:726)
	at org.grails.build.logging.GrailsConsolePrintStream.println(GrailsConsolePrintStream.java:53)
	at grails.build.logging.GrailsConsole.log(GrailsConsole.java:726)
	at org.grails.build.logging.GrailsConsolePrintStream.println(GrailsConsolePrintStream.java:53)
	at grails.build.logging.GrailsConsole.log(GrailsConsole.java:726)
	at org.grails.build.logging.GrailsConsolePrintStream.println(GrailsConsolePrintStream.java:53)
	at grails.build.logging.GrailsConsole.log(GrailsConsole.java:726)
	at org.grails.build.logging.GrailsConsolePrintStream.println(GrailsConsolePrintStream.java:53)
	at grails.build.logging.GrailsConsole.log(GrailsConsole.java:726)
	at org.grails.build.logging.GrailsConsolePrintStream.println(GrailsConsolePrintStream.java:53)
	at grails.build.logging.GrailsConsole.log(GrailsConsole.java:726)
	at org.grails.build.logging.GrailsConsolePrintStream.println(GrailsConsolePrintStream.java:53)
	at grails.build.logging.GrailsConsole.log(GrailsConsole.java:726)
	at org.grails.build.logging.GrailsConsolePrintStream.println(GrailsConsolePrintStream.java:53)
	at grails.build.logging.GrailsConsole.log(GrailsConsole.java:726)
	at org.grails.build.logging.GrailsConsolePrintStream.println(GrailsConsolePrintStream.java:53)
	at grails.build.logging.GrailsConsole.log(GrailsConsole.java:726)
	at org.grails.build.logging.GrailsConsolePrintStream.println(GrailsConsolePrintStream.java:53)
	at grails.build.logging.GrailsConsole.log(GrailsConsole.java:726)
	at org.grails.build.logging.GrailsConsolePrintStream.println(GrailsConsolePrintStream.java:53)
	at grails.build.logging.GrailsConsole.log(GrailsConsole.java:726)
	at org.grails.build.logging.GrailsConsolePrintStream.println(GrailsConsolePrintStream.java:53)
	at grails.build.logging.GrailsConsole.log(GrailsConsole.java:726)
	at org.grails.build.logging.GrailsConsolePrintStream.println(GrailsConsolePrintStream.java:53)
	at grails.build.logging.GrailsConsole.log(GrailsConsole.java:726)
	at org.grails.build.logging.GrailsConsolePrintStream.println(GrailsConsolePrintStream.java:53)
[...]
	at grails.build.logging.GrailsConsole.log(GrailsConsole.java:726)
	at org.grails.build.logging.GrailsConsolePrintStream.println(GrailsConsolePrintStream.java:53)
	at grails.build.logging.GrailsConsole.log(GrailsConsole.java:726)
	at org.grails.build.logging.GrailsConsolePrintStream.println(GrailsConsolePrintStream.java:53)
	at grails.build.logging.GrailsConsole.log(GrailsConsole.java:726)
	at org.grails.build.logging.GrailsConsolePrintStream.println(GrailsConsolePrintStream.java:53)
	at grails.build.logging.GrailsConsole.log(GrailsConsole.java:726)
	at org.grails.build.logging.GrailsConsolePrintStream.println(GrailsConsolePrintStream.java:53)
	at grails.build.logging.GrailsConsole.log(GrailsConsole.java:726)
	at org.grails.build.logging.GrailsConsolePrintStream.println(GrailsConsolePrintStream.java:53)
	at grails.build.logging.GrailsConsole.log(GrailsConsole.java:726)
	at org.grails.build.logging.GrailsConsolePrintStream.println(GrailsConsolePrintStream.java:53)
	at grails.build.logging.GrailsConsole.log(GrailsConsole.java:726)
	at org.grails.build.logging.GrailsConsolePrintStream.println(GrailsConsolePrintStream.java:53)
	at grails.build.logging.GrailsConsole.log(GrailsConsole.java:726)
	at org.grails.build.logging.GrailsConsolePrintStream.println(GrailsConsolePrintStream.java:53)
	at grails.build.logging.GrailsConsole.log(GrailsConsole.java:726)
	at org.grails.build.logging.GrailsConsolePrintStream.println(GrailsConsolePrintStream.java:53)
	at grails.build.logging.GrailsConsole.log(GrailsConsole.java:726)
	at org.grails.build.logging.GrailsConsolePrintStream.println(GrailsConsolePrintStream.java:53)
	at grails.build.logging.GrailsConsole.log(GrailsConsole.java:726)
	at org.grails.build.logging.GrailsConsolePrintStream.println(GrailsConsolePrintStream.java:53)
	at grails.build.logging.GrailsConsole.log(GrailsConsole.java:726)
	at org.grails.build.logging.GrailsConsolePrintStream.println(GrailsConsolePrintStream.java:53)
	at grails.build.logging.GrailsConsole.log(GrailsConsole.java:726)
	at org.grails.build.logging.GrailsConsolePrintStream.println(GrailsConsolePrintStream.java:53)
	at grails.build.logging.GrailsConsole.log(GrailsConsole.java:726)
	at org.grails.build.logging.GrailsConsolePrintStream.println(GrailsConsolePrintStream.java:53)
	at grails.build.logging.GrailsConsole.log(GrailsConsole.java:726)
	at org.grails.build.logging.GrailsConsolePrintStream.println(GrailsConsolePrintStream.java:53)
	at grails.build.logging.GrailsConsole.log(GrailsConsole.java:726)
	at org.grails.build.logging.GrailsConsolePrintStream.println(GrailsConsolePrintStream.java:53)
	at grails.build.logging.GrailsConsole.log(GrailsConsole.java:726)
	at org.grails.build.logging.GrailsConsolePrintStream.println(GrailsConsolePrintStream.java:53)
	at grails.build.logging.GrailsConsole.log(GrailsConsole.java:726)
	at org.grails.build.logging.GrailsConsolePrintStream.println(GrailsConsolePrintStream.java:53)
	at grails.build.logging.GrailsConsole.log(GrailsConsole.java:726)
	at org.grails.build.logging.GrailsConsolePrintStream.println(GrailsConsolePrintStream.java:53)
	at grails.build.logging.GrailsConsole.log(GrailsConsole.java:726)
	at org.grails.build.logging.GrailsConsolePrintStream.println(GrailsConsolePrintStream.java:53)
	at grails.build.logging.GrailsConsole.log(GrailsConsole.java:726)
	at org.grails.build.logging.GrailsConsolePrintStream.println(GrailsConsolePrintStream.java:53)
	at grails.build.logging.GrailsConsole.log(GrailsConsole.java:726)
	at org.grails.build.logging.GrailsConsolePrintStream.println(GrailsConsolePrintStream.java:53)
	at grails.build.logging.GrailsConsole.log(GrailsConsole.java:726)
	at org.grails.build.logging.GrailsConsolePrintStream.println(GrailsConsolePrintStream.java:53)
	at grails.build.logging.GrailsConsole.log(GrailsConsole.java:726)
	at org.grails.build.logging.GrailsConsolePrintStream.println(GrailsConsolePrintStream.java:53)
	at grails.build.logging.GrailsConsole.log(GrailsConsole.java:726)
	at org.grails.build.logging.GrailsConsolePrintStream.println(GrailsConsolePrintStream.java:53)
	at grails.build.logging.GrailsConsole.log(GrailsConsole.java:726)
	at org.grails.build.logging.GrailsConsolePrintStream.println(GrailsConsolePrintStream.java:53)
	at grails.build.logging.GrailsConsole.log(GrailsConsole.java:726)
	at org.grails.build.logging.GrailsConsolePrintStream.println(GrailsConsolePrintStream.java:53)
	at grails.build.logging.GrailsConsole.log(GrailsConsole.java:726)
	at org.grails.build.logging.GrailsConsolePrintStream.println(GrailsConsolePrintStream.java:53)
	at grails.build.logging.GrailsConsole.log(GrailsConsole.java:726)
	at org.grails.build.logging.GrailsConsolePrintStream.println(GrailsConsolePrintStream.java:53)
	at grails.build.logging.GrailsConsole.log(GrailsConsole.java:726)
	at org.grails.build.logging.GrailsConsolePrintStream.println(GrailsConsolePrintStream.java:53)
	at grails.build.logging.GrailsConsole.log(GrailsConsole.java:726)
	at org.grails.build.logging.GrailsConsolePrintStream.println(GrailsConsolePrintStream.java:53)
	at grails.build.logging.GrailsConsole.log(GrailsConsole.java:726)
	at org.grails.build.logging.GrailsConsolePrintStream.println(GrailsConsolePrintStream.java:53)
	at grails.build.logging.GrailsConsole.log(GrailsConsole.java:726)
	at org.grails.build.logging.GrailsConsolePrintStream.println(GrailsConsolePrintStream.java:53)
	at grails.build.logging.GrailsConsole.log(GrailsConsole.java:726)
	at org.grails.build.logging.GrailsConsolePrintStream.println(GrailsConsolePrintStream.java:53)
	at grails.build.logging.GrailsConsole.log(GrailsConsole.java:726)
	at org.grails.build.logging.GrailsConsolePrintStream.println(GrailsConsolePrintStream.java:53)
	at grails.build.logging.GrailsConsole.log(GrailsConsole.java:726)
	at org.grails.build.logging.GrailsConsolePrintStream.println(GrailsConsolePrintStream.java:53)
	at grails.build.logging.GrailsConsole.log(GrailsConsole.java:726)
	at org.grails.build.logging.GrailsConsolePrintStream.println(GrailsConsolePrintStream.java:53)
	at grails.build.logging.GrailsConsole.log(GrailsConsole.java:726)
	at org.grails.build.logging.GrailsConsolePrintStream.println(GrailsConsolePrintStream.java:53)
	at grails.build.logging.GrailsConsole.log(GrailsConsole.java:726)
	at org.grails.build.logging.GrailsConsolePrintStream.println(GrailsConsolePrintStream.java:53)
	at grails.build.logging.GrailsConsole.log(GrailsConsole.java:726)
	at org.grails.build.logging.GrailsConsolePrintStream.println(GrailsConsolePrintStream.java:53)
	at grails.build.logging.GrailsConsole.log(GrailsConsole.java:726)
	at org.grails.build.logging.GrailsConsolePrintStream.println(GrailsConsolePrintStream.java:53)
	at grails.build.logging.GrailsConsole.log(GrailsConsole.java:726)
	at org.grails.build.logging.GrailsConsolePrintStream.println(GrailsConsolePrintStream.java:53)
	at grails.build.logging.GrailsConsole.log(GrailsConsole.java:726)
	at org.grails.build.logging.GrailsConsolePrintStream.println(GrailsConsolePrintStream.java:53)
	at grails.build.logging.GrailsConsole.log(GrailsConsole.java:726)
	at org.grails.build.logging.GrailsConsolePrintStream.println(GrailsConsolePrintStream.java:53)
	at grails.build.logging.GrailsConsole.log(GrailsConsole.java:726)
	at org.grails.build.logging.GrailsConsolePrintStream.println(GrailsConsolePrintStream.java:53)
	at grails.build.logging.GrailsConsole.log(GrailsConsole.java:726)
	at org.grails.build.logging.GrailsConsolePrintStream.println(GrailsConsolePrintStream.java:53)
	at grails.build.logging.GrailsConsole.log(GrailsConsole.java:726)
	at org.grails.build.logging.GrailsConsolePrintStream.println(GrailsConsolePrintStream.java:53)
	at grails.build.logging.GrailsConsole.log(GrailsConsole.java:726)
	at org.grails.build.logging.GrailsConsolePrintStream.println(GrailsConsolePrintStream.java:53)
	at grails.build.logging.GrailsConsole.log(GrailsConsole.java:726)
	at org.grails.build.logging.GrailsConsolePrintStream.println(GrailsConsolePrintStream.java:53)
	at grails.build.logging.GrailsConsole.log(GrailsConsole.java:726)
	at org.grails.build.logging.GrailsConsolePrintStream.println(GrailsConsolePrintStream.java:53)
	at grails.build.logging.GrailsConsole.log(GrailsConsole.java:726)
	at org.grails.build.logging.GrailsConsolePrintStream.println(GrailsConsolePrintStream.java:53)
	at grails.build.logging.GrailsConsole.log(GrailsConsole.java:726)
	at org.grails.build.logging.GrailsConsolePrintStream.println(GrailsConsolePrintStream.java:53)
	at grails.build.logging.GrailsConsole.log(GrailsConsole.java:726)
	at org.grails.build.logging.GrailsConsolePrintStream.println(GrailsConsolePrintStream.java:53)
	at grails.build.logging.GrailsConsole.log(GrailsConsole.java:726)
	at org.grails.build.logging.GrailsConsolePrintStream.println(GrailsConsolePrintStream.java:53)
	at grails.build.logging.GrailsConsole.log(GrailsConsole.java:726)
	at org.grails.build.logging.GrailsConsolePrintStream.println(GrailsConsolePrintStream.java:53)
	at grails.build.logging.GrailsConsole.log(GrailsConsole.java:726)
	at org.grails.build.logging.GrailsConsolePrintStream.println(GrailsConsolePrintStream.java:53)
	at grails.build.logging.GrailsConsole.log(GrailsConsole.java:726)
	at org.grails.build.logging.GrailsConsolePrintStream.println(GrailsConsolePrintStream.java:53)
	at grails.build.logging.GrailsConsole.log(GrailsConsole.java:726)
	at org.grails.build.logging.GrailsConsolePrintStream.println(GrailsConsolePrintStream.java:53)
	at grails.build.logging.GrailsConsole.log(GrailsConsole.java:726)
	at org.grails.build.logging.GrailsConsolePrintStream.println(GrailsConsolePrintStream.java:53)
	at grails.build.logging.GrailsConsole.log(GrailsConsole.java:726)
	at org.grails.build.logging.GrailsConsolePrintStream.println(GrailsConsolePrintStream.java:53)
	at grails.build.logging.GrailsConsole.log(GrailsConsole.java:726)
	at org.grails.build.logging.GrailsConsolePrintStream.println(GrailsConsolePrintStream.java:53)
	at grails.build.logging.GrailsConsole.log(GrailsConsole.java:726)
	at org.grails.build.logging.GrailsConsolePrintStream.println(GrailsConsolePrintStream.java:53)
	at grails.build.logging.GrailsConsole.log(GrailsConsole.java:726)
	at org.grails.build.logging.GrailsConsolePrintStream.println(GrailsConsolePrintStream.java:53)
	at grails.build.logging.GrailsConsole.log(GrailsConsole.java:726)
	at org.grails.build.logging.GrailsConsolePrintStream.println(GrailsConsolePrintStream.java:53)
	at grails.build.logging.GrailsConsole.log(GrailsConsole.java:726)
	at org.grails.build.logging.GrailsConsolePrintStream.println(GrailsConsolePrintStream.java:53)
	at grails.build.logging.GrailsConsole.log(GrailsConsole.java:726)
	at org.grails.build.logging.GrailsConsolePrintStream.println(GrailsConsolePrintStream.java:53)
	at grails.build.logging.GrailsConsole.log(GrailsConsole.java:726)
	at org.grails.build.logging.GrailsConsolePrintStream.println(GrailsConsolePrintStream.java:53)
	at grails.build.logging.GrailsConsole.log(GrailsConsole.java:726)
	at org.grails.build.logging.GrailsConsolePrintStream.println(GrailsConsolePrintStream.java:53)
	at grails.build.logging.GrailsConsole.log(GrailsConsole.java:726)
	at org.grails.build.logging.GrailsConsolePrintStream.println(GrailsConsolePrintStream.java:53)
	at grails.build.logging.GrailsConsole.log(GrailsConsole.java:726)
	at org.grails.build.logging.GrailsConsolePrintStream.println(GrailsConsolePrintStream.java:53)
	at grails.build.logging.GrailsConsole.log(GrailsConsole.java:726)
	at org.grails.build.logging.GrailsConsolePrintStream.println(GrailsConsolePrintStream.java:53)
	at grails.build.logging.GrailsConsole.log(GrailsConsole.java:726)
	at org.grails.build.logging.GrailsConsolePrintStream.println(GrailsConsolePrintStream.java:53)
	at grails.build.logging.GrailsConsole.log(GrailsConsole.java:726)
	at org.grails.build.logging.GrailsConsolePrintStream.println(GrailsConsolePrintStream.java:53)
	at grails.build.logging.GrailsConsole.log(GrailsConsole.java:726)
	at org.grails.build.logging.GrailsConsolePrintStream.println(GrailsConsolePrintStream.java:53)
	at grails.build.logging.GrailsConsole.log(GrailsConsole.java:726)
	at org.grails.build.logging.GrailsConsolePrintStream.println(GrailsConsolePrintStream.java:53)
	at grails.build.logging.GrailsConsole.log(GrailsConsole.java:726)
	at org.grails.build.logging.GrailsConsolePrintStream.println(GrailsConsolePrintStream.java:53)
	at grails.build.logging.GrailsConsole.log(GrailsConsole.java:726)
	at org.grails.build.logging.GrailsConsolePrintStream.println(GrailsConsolePrintStream.java:53)
	at grails.build.logging.GrailsConsole.log(GrailsConsole.java:726)
	at org.grails.build.logging.GrailsConsolePrintStream.println(GrailsConsolePrintStream.java:53)
	at grails.build.logging.GrailsConsole.log(GrailsConsole.java:726)
	at org.grails.build.logging.GrailsConsolePrintStream.println(GrailsConsolePrintStream.java:53)
	at grails.build.logging.GrailsConsole.log(GrailsConsole.java:726)
	at org.grails.build.logging.GrailsConsolePrintStream.println(GrailsConsolePrintStream.java:53)
	at grails.build.logging.GrailsConsole.log(GrailsConsole.java:726)
	at org.grails.build.logging.GrailsConsolePrintStream.println(GrailsConsolePrintStream.java:53)
	at grails.build.logging.GrailsConsole.log(GrailsConsole.java:726)
	at org.grails.build.logging.GrailsConsolePrintStream.println(GrailsConsolePrintStream.java:53)
	at grails.build.logging.GrailsConsole.log(GrailsConsole.java:726)
	at org.grails.build.logging.GrailsConsolePrintStream.println(GrailsConsolePrintStream.java:53)
	at grails.build.logging.GrailsConsole.log(GrailsConsole.java:726)
	at org.grails.build.logging.GrailsConsolePrintStream.println(GrailsConsolePrintStream.java:53)
	at grails.build.logging.GrailsConsole.log(GrailsConsole.java:726)
	at org.grails.build.logging.GrailsConsolePrintStream.println(GrailsConsolePrintStream.java:53)
	at grails.build.logging.GrailsConsole.log(GrailsConsole.java:726)
	at org.grails.build.logging.GrailsConsolePrintStream.println(GrailsConsolePrintStream.java:53)
	at grails.build.logging.GrailsConsole.log(GrailsConsole.java:726)
	at org.grails.build.logging.GrailsConsolePrintStream.println(GrailsConsolePrintStream.java:53)
	at grails.build.logging.GrailsConsole.log(GrailsConsole.java:726)
	at org.grails.build.logging.GrailsConsolePrintStream.println(GrailsConsolePrintStream.java:53)
	at grails.build.logging.GrailsConsole.log(GrailsConsole.java:726)
	at org.grails.build.logging.GrailsConsolePrintStream.println(GrailsConsolePrintStream.java:53)
	at grails.build.logging.GrailsConsole.log(GrailsConsole.java:726)
	at org.grails.build.logging.GrailsConsolePrintStream.println(GrailsConsolePrintStream.java:53)
	at grails.build.logging.GrailsConsole.log(GrailsConsole.java:726)
	at org.grails.build.logging.GrailsConsolePrintStream.println(GrailsConsolePrintStream.java:53)
	at grails.build.logging.GrailsConsole.log(GrailsConsole.java:726)
	at org.grails.build.logging.GrailsConsolePrintStream.println(GrailsConsolePrintStream.java:53)
	at grails.build.logging.GrailsConsole.log(GrailsConsole.java:726)
	at org.grails.build.logging.GrailsConsolePrintStream.println(GrailsConsolePrintStream.java:53)
	at grails.build.logging.GrailsConsole.log(GrailsConsole.java:726)
	at org.grails.build.logging.GrailsConsolePrintStream.println(GrailsConsolePrintStream.java:53)
	at grails.build.logging.GrailsConsole.log(GrailsConsole.java:726)
	at org.grails.build.logging.GrailsConsolePrintStream.println(GrailsConsolePrintStream.java:53)
	at grails.build.logging.GrailsConsole.log(GrailsConsole.java:726)
	at org.grails.build.logging.GrailsConsolePrintStream.println(GrailsConsolePrintStream.java:53)
	at grails.build.logging.GrailsConsole.log(GrailsConsole.java:726)
	at org.grails.build.logging.GrailsConsolePrintStream.println(GrailsConsolePrintStream.java:53)
	at grails.build.logging.GrailsConsole.log(GrailsConsole.java:726)
	at org.grails.build.logging.GrailsConsolePrintStream.println(GrailsConsolePrintStream.java:53)
	at grails.build.logging.GrailsConsole.log(GrailsConsole.java:726)
	at org.grails.build.logging.GrailsConsolePrintStream.println(GrailsConsolePrintStream.java:53)
	at grails.build.logging.GrailsConsole.log(GrailsConsole.java:726)
	at org.grails.build.logging.GrailsConsolePrintStream.println(GrailsConsolePrintStream.java:53)
	at grails.build.logging.GrailsConsole.log(GrailsConsole.java:726)
	at org.grails.build.logging.GrailsConsolePrintStream.println(GrailsConsolePrintStream.java:53)
	at grails.build.logging.GrailsConsole.log(GrailsConsole.java:726)
	at org.grails.build.logging.GrailsConsolePrintStream.println(GrailsConsolePrintStream.java:53)
	at grails.build.logging.GrailsConsole.log(GrailsConsole.java:726)
	at org.grails.build.logging.GrailsConsolePrintStream.println(GrailsConsolePrintStream.java:53)
	at grails.build.logging.GrailsConsole.log(GrailsConsole.java:726)
	at org.grails.build.logging.GrailsConsolePrintStream.println(GrailsConsolePrintStream.java:53)
	at grails.build.logging.GrailsConsole.log(GrailsConsole.java:726)
	at org.grails.build.logging.GrailsConsolePrintStream.println(GrailsConsolePrintStream.java:53)
	at grails.build.logging.GrailsConsole.log(GrailsConsole.java:726)
	at org.grails.build.logging.GrailsConsolePrintStream.println(GrailsConsolePrintStream.java:53)
	at grails.build.logging.GrailsConsole.log(GrailsConsole.java:726)
	at org.grails.build.logging.GrailsConsolePrintStream.println(GrailsConsolePrintStream.java:53)
	at grails.build.logging.GrailsConsole.log(GrailsConsole.java:726)
	at org.grails.build.logging.GrailsConsolePrintStream.println(GrailsConsolePrintStream.java:53)
	at grails.build.logging.GrailsConsole.log(GrailsConsole.java:726)
	at org.grails.build.logging.GrailsConsolePrintStream.println(GrailsConsolePrintStream.java:53)
	at grails.build.logging.GrailsConsole.log(GrailsConsole.java:726)
	at org.grails.build.logging.GrailsConsolePrintStream.println(GrailsConsolePrintStream.java:53)
	at grails.build.logging.GrailsConsole.log(GrailsConsole.java:726)
	at org.grails.build.logging.GrailsConsolePrintStream.println(GrailsConsolePrintStream.java:53)
	at grails.build.logging.GrailsConsole.log(GrailsConsole.java:726)
	at org.grails.build.logging.GrailsConsolePrintStream.println(GrailsConsolePrintStream.java:53)
	at grails.build.logging.GrailsConsole.log(GrailsConsole.java:726)
	at org.grails.build.logging.GrailsConsolePrintStream.println(GrailsConsolePrintStream.java:53)
	at grails.build.logging.GrailsConsole.log(GrailsConsole.java:726)
	at org.grails.build.logging.GrailsConsolePrintStream.println(GrailsConsolePrintStream.java:53)
	at grails.build.logging.GrailsConsole.log(GrailsConsole.java:726)
	at org.grails.build.logging.GrailsConsolePrintStream.println(GrailsConsolePrintStream.java:53)
	at grails.build.logging.GrailsConsole.log(GrailsConsole.java:726)
	at org.grails.build.logging.GrailsConsolePrintStream.println(GrailsConsolePrintStream.java:53)
	at grails.build.logging.GrailsConsole.log(GrailsConsole.java:726)
	at org.grails.build.logging.GrailsConsolePrintStream.println(GrailsConsolePrintStream.java:53)
	at grails.build.logging.GrailsConsole.log(GrailsConsole.java:726)
	at org.grails.build.logging.GrailsConsolePrintStream.println(GrailsConsolePrintStream.java:53)
	at grails.build.logging.GrailsConsole.log(GrailsConsole.java:726)
	at org.grails.build.logging.GrailsConsolePrintStream.println(GrailsConsolePrintStream.java:53)
	at grails.build.logging.GrailsConsole.log(GrailsConsole.java:726)
	at org.grails.build.logging.GrailsConsolePrintStream.println(GrailsConsolePrintStream.java:53)
	at grails.build.logging.GrailsConsole.log(GrailsConsole.java:726)
	at org.grails.build.logging.GrailsConsolePrintStream.println(GrailsConsolePrintStream.java:53)
	at grails.build.logging.GrailsConsole.log(GrailsConsole.java:726)
	at org.grails.build.logging.GrailsConsolePrintStream.println(GrailsConsolePrintStream.java:53)
	at grails.build.logging.GrailsConsole.log(GrailsConsole.java:726)
]]></system-err>
</testsuite>
